<?xml version="1.0" encoding="UTF-8" standalone="yes"?><!DOCTYPE report PUBLIC "-//JACOCO//DTD Report 1.1//EN" "report.dtd"><report name="statewallet"><sessioninfo id="DESKTOP-3TCBJ04-92ba1659" start="1768392965216" dump="1768392992374"/><package name="mainapp"><class name="mainapp/Constrains" sourcefilename="Constrains.java"><method name="negativeAmount" desc="(Ljava/util/Scanner;D)D" line="42"><counter type="INSTRUCTION" missed="0" covered="26"/><counter type="BRANCH" missed="0" covered="2"/><counter type="LINE" missed="0" covered="10"/><counter type="COMPLEXITY" missed="0" covered="2"/><counter type="METHOD" missed="0" covered="1"/></method><method name="isReasonableChange" desc="(DD)Z" line="66"><counter type="INSTRUCTION" missed="0" covered="21"/><counter type="BRANCH" missed="0" covered="4"/><counter type="LINE" missed="0" covered="4"/><counter type="COMPLEXITY" missed="0" covered="3"/><counter type="METHOD" missed="0" covered="1"/></method><method name="deficitLimit" desc="(DD)Z" line="84"><counter type="INSTRUCTION" missed="0" covered="22"/><counter type="BRANCH" missed="0" covered="4"/><counter type="LINE" missed="0" covered="4"/><counter type="COMPLEXITY" missed="0" covered="3"/><counter type="METHOD" missed="0" covered="1"/></method><counter type="INSTRUCTION" missed="0" covered="69"/><counter type="BRANCH" missed="0" covered="10"/><counter type="LINE" missed="0" covered="18"/><counter type="COMPLEXITY" missed="0" covered="8"/><counter type="METHOD" missed="0" covered="3"/><counter type="CLASS" missed="0" covered="1"/></class><class name="mainapp/Pdftocsv" sourcefilename="Pdftocsv.java"><method name="run" desc="(I)V" line="31"><counter type="INSTRUCTION" missed="20" covered="139"/><counter type="BRANCH" missed="1" covered="3"/><counter type="LINE" missed="9" covered="27"/><counter type="COMPLEXITY" missed="1" covered="2"/><counter type="METHOD" missed="0" covered="1"/></method><counter type="INSTRUCTION" missed="20" covered="139"/><counter type="BRANCH" missed="1" covered="3"/><counter type="LINE" missed="9" covered="27"/><counter type="COMPLEXITY" missed="1" covered="2"/><counter type="METHOD" missed="0" covered="1"/><counter type="CLASS" missed="0" covered="1"/></class><class name="mainapp/EconomicsChart$1" sourcefilename="EconomicsChart.java"><method name="&lt;init&gt;" desc="(Lmainapp/EconomicsChart;[Ljava/lang/String;[D)V" line="140"><counter type="INSTRUCTION" missed="0" covered="12"/><counter type="LINE" missed="0" covered="1"/><counter type="COMPLEXITY" missed="0" covered="1"/><counter type="METHOD" missed="0" covered="1"/></method><method name="paintComponent" desc="(Ljava/awt/Graphics;)V" line="143"><counter type="INSTRUCTION" missed="12" covered="0"/><counter type="LINE" missed="3" covered="0"/><counter type="COMPLEXITY" missed="1" covered="0"/><counter type="METHOD" missed="1" covered="0"/></method><counter type="INSTRUCTION" missed="12" covered="12"/><counter type="LINE" missed="3" covered="1"/><counter type="COMPLEXITY" missed="1" covered="1"/><counter type="METHOD" missed="1" covered="1"/><counter type="CLASS" missed="0" covered="1"/></class><class name="mainapp/PercentageUI$TableOption" sourcefilename="PercentageUI.java"><method name="&lt;init&gt;" desc="(Ljava/lang/String;Ljava/lang/String;)V" line="181"><counter type="INSTRUCTION" missed="9" covered="0"/><counter type="LINE" missed="4" covered="0"/><counter type="COMPLEXITY" missed="1" covered="0"/><counter type="METHOD" missed="1" covered="0"/></method><method name="getValue" desc="()Ljava/lang/String;" line="192"><counter type="INSTRUCTION" missed="3" covered="0"/><counter type="LINE" missed="1" covered="0"/><counter type="COMPLEXITY" missed="1" covered="0"/><counter type="METHOD" missed="1" covered="0"/></method><method name="toString" desc="()Ljava/lang/String;" line="197"><counter type="INSTRUCTION" missed="3" covered="0"/><counter type="LINE" missed="1" covered="0"/><counter type="COMPLEXITY" missed="1" covered="0"/><counter type="METHOD" missed="1" covered="0"/></method><counter type="INSTRUCTION" missed="15" covered="0"/><counter type="LINE" missed="6" covered="0"/><counter type="COMPLEXITY" missed="3" covered="0"/><counter type="METHOD" missed="3" covered="0"/><counter type="CLASS" missed="1" covered="0"/></class><class name="mainapp/BudgetManager" sourcefilename="BudgetManager.java"><method name="&lt;init&gt;" desc="(Ljava/lang/String;)V" line="44"><counter type="INSTRUCTION" missed="0" covered="6"/><counter type="LINE" missed="0" covered="3"/><counter type="COMPLEXITY" missed="0" covered="1"/><counter type="METHOD" missed="0" covered="1"/></method><method name="setUrl" desc="(Ljava/lang/String;)V" line="54"><counter type="INSTRUCTION" missed="0" covered="4"/><counter type="LINE" missed="0" covered="2"/><counter type="COMPLEXITY" missed="0" covered="1"/><counter type="METHOD" missed="0" covered="1"/></method><method name="printTable" desc="(Ljava/lang/String;Ljava/lang/String;)V" line="64"><counter type="INSTRUCTION" missed="6" covered="87"/><counter type="BRANCH" missed="0" covered="2"/><counter type="LINE" missed="2" covered="15"/><counter type="COMPLEXITY" missed="0" covered="2"/><counter type="METHOD" missed="0" covered="1"/></method><method name="updateAmount" desc="(Ljava/lang/String;Ljava/lang/String;ID)Z" line="102"><counter type="INSTRUCTION" missed="1" covered="38"/><counter type="BRANCH" missed="1" covered="1"/><counter type="LINE" missed="0" covered="10"/><counter type="COMPLEXITY" missed="1" covered="1"/><counter type="METHOD" missed="0" covered="1"/></method><method name="showChanges" desc="()V" line="124"><counter type="INSTRUCTION" missed="11" covered="31"/><counter type="BRANCH" missed="9" covered="1"/><counter type="LINE" missed="1" covered="8"/><counter type="COMPLEXITY" missed="5" covered="1"/><counter type="METHOD" missed="0" covered="1"/></method><method name="checkTableForChanges" desc="(Ljava/lang/String;Ljava/lang/String;)Z" line="138"><counter type="INSTRUCTION" missed="0" covered="75"/><counter type="BRANCH" missed="1" covered="3"/><counter type="LINE" missed="0" covered="19"/><counter type="COMPLEXITY" missed="1" covered="2"/><counter type="METHOD" missed="0" covered="1"/></method><method name="limitString" desc="(Ljava/lang/String;I)Ljava/lang/String;" line="167"><counter type="INSTRUCTION" missed="10" covered="8"/><counter type="BRANCH" missed="2" covered="2"/><counter type="LINE" missed="2" covered="3"/><counter type="COMPLEXITY" missed="2" covered="1"/><counter type="METHOD" missed="0" covered="1"/></method><method name="getTotal" desc="(Ljava/lang/String;)[D" line="183"><counter type="INSTRUCTION" missed="0" covered="41"/><counter type="BRANCH" missed="1" covered="1"/><counter type="LINE" missed="0" covered="12"/><counter type="COMPLEXITY" missed="1" covered="1"/><counter type="METHOD" missed="0" covered="1"/></method><method name="getBudgetCharacterism" desc="(DD)Ljava/lang/String;" line="210"><counter type="INSTRUCTION" missed="0" covered="22"/><counter type="BRANCH" missed="0" covered="4"/><counter type="LINE" missed="0" covered="5"/><counter type="COMPLEXITY" missed="0" covered="3"/><counter type="METHOD" missed="0" covered="1"/></method><method name="getCurrentAmount" desc="(Ljava/lang/String;Ljava/lang/String;I)D" line="231"><counter type="INSTRUCTION" missed="20" covered="25"/><counter type="BRANCH" missed="5" covered="1"/><counter type="LINE" missed="4" covered="8"/><counter type="COMPLEXITY" missed="3" covered="1"/><counter type="METHOD" missed="0" covered="1"/></method><method name="getNameById" desc="(Ljava/lang/String;Ljava/lang/String;I)Ljava/lang/String;" line="259"><counter type="INSTRUCTION" missed="20" covered="25"/><counter type="BRANCH" missed="5" covered="1"/><counter type="LINE" missed="3" covered="8"/><counter type="COMPLEXITY" missed="3" covered="1"/><counter type="METHOD" missed="0" covered="1"/></method><counter type="INSTRUCTION" missed="68" covered="362"/><counter type="BRANCH" missed="24" covered="16"/><counter type="LINE" missed="12" covered="93"/><counter type="COMPLEXITY" missed="16" covered="15"/><counter type="METHOD" missed="0" covered="11"/><counter type="CLASS" missed="0" covered="1"/></class><class name="mainapp/EnvElemGrades" sourcefilename="EnvElemGrades.java"><method name="&lt;init&gt;" desc="()V" line="6"><counter type="INSTRUCTION" missed="0" covered="3"/><counter type="LINE" missed="0" covered="1"/><counter type="COMPLEXITY" missed="0" covered="1"/><counter type="METHOD" missed="0" covered="1"/></method><method name="getResGrade" desc="(D)I" line="65"><counter type="INSTRUCTION" missed="0" covered="32"/><counter type="BRANCH" missed="0" covered="10"/><counter type="LINE" missed="0" covered="11"/><counter type="COMPLEXITY" missed="0" covered="6"/><counter type="METHOD" missed="0" covered="1"/></method><method name="getEmissionGrade" desc="(D)I" line="87"><counter type="INSTRUCTION" missed="0" covered="32"/><counter type="BRANCH" missed="0" covered="10"/><counter type="LINE" missed="0" covered="11"/><counter type="COMPLEXITY" missed="0" covered="6"/><counter type="METHOD" missed="0" covered="1"/></method><method name="getRecycleGrade" desc="(D)I" line="109"><counter type="INSTRUCTION" missed="0" covered="32"/><counter type="BRANCH" missed="0" covered="10"/><counter type="LINE" missed="0" covered="11"/><counter type="COMPLEXITY" missed="0" covered="6"/><counter type="METHOD" missed="0" covered="1"/></method><method name="getEnvironmentalGrade" desc="(DDDDDD)D" line="140"><counter type="INSTRUCTION" missed="0" covered="63"/><counter type="LINE" missed="0" covered="13"/><counter type="COMPLEXITY" missed="0" covered="1"/><counter type="METHOD" missed="0" covered="1"/></method><counter type="INSTRUCTION" missed="0" covered="162"/><counter type="BRANCH" missed="0" covered="30"/><counter type="LINE" missed="0" covered="47"/><counter type="COMPLEXITY" missed="0" covered="20"/><counter type="METHOD" missed="0" covered="5"/><counter type="CLASS" missed="0" covered="1"/></class><class name="mainapp/EconomicsChart" sourcefilename="EconomicsChart.java"><method name="&lt;init&gt;" desc="()V" line="25"><counter type="INSTRUCTION" missed="0" covered="3"/><counter type="LINE" missed="0" covered="1"/><counter type="COMPLEXITY" missed="0" covered="1"/><counter type="METHOD" missed="0" covered="1"/></method><method name="displayGraph" desc="(Ljava/lang/String;[Ljava/lang/String;[D)V" line="95"><counter type="INSTRUCTION" missed="0" covered="10"/><counter type="LINE" missed="0" covered="3"/><counter type="COMPLEXITY" missed="0" covered="1"/><counter type="METHOD" missed="0" covered="1"/></method><method name="showPieChart" desc="([Ljava/lang/String;[D)V" line="137"><counter type="INSTRUCTION" missed="0" covered="30"/><counter type="LINE" missed="0" covered="8"/><counter type="COMPLEXITY" missed="0" covered="1"/><counter type="METHOD" missed="0" covered="1"/></method><method name="drawPie" desc="(Ljava/awt/Graphics;[Ljava/lang/String;[D)V" line="157"><counter type="INSTRUCTION" missed="153" covered="0"/><counter type="BRANCH" missed="2" covered="0"/><counter type="LINE" missed="30" covered="0"/><counter type="COMPLEXITY" missed="2" covered="0"/><counter type="METHOD" missed="1" covered="0"/></method><method name="lambda$displayGraph$0" desc="(Ljava/lang/String;[D[Ljava/lang/String;)V" line="98"><counter type="INSTRUCTION" missed="0" covered="80"/><counter type="BRANCH" missed="0" covered="2"/><counter type="LINE" missed="0" covered="18"/><counter type="COMPLEXITY" missed="0" covered="2"/><counter type="METHOD" missed="0" covered="1"/></method><counter type="INSTRUCTION" missed="153" covered="123"/><counter type="BRANCH" missed="2" covered="2"/><counter type="LINE" missed="30" covered="30"/><counter type="COMPLEXITY" missed="2" covered="5"/><counter type="METHOD" missed="1" covered="4"/><counter type="CLASS" missed="0" covered="1"/></class><class name="mainapp/Search" sourcefilename="Search.java"><method name="&lt;init&gt;" desc="(Ljava/lang/String;)V" line="27"><counter type="INSTRUCTION" missed="0" covered="6"/><counter type="LINE" missed="0" covered="3"/><counter type="COMPLEXITY" missed="0" covered="1"/><counter type="METHOD" missed="0" covered="1"/></method><method name="searchAmount" desc="(Ljava/lang/String;)D" line="38"><counter type="INSTRUCTION" missed="0" covered="87"/><counter type="BRANCH" missed="3" covered="11"/><counter type="LINE" missed="0" covered="20"/><counter type="COMPLEXITY" missed="3" covered="5"/><counter type="METHOD" missed="0" covered="1"/></method><method name="searchString" desc="(D)Ljava/lang/String;" line="72"><counter type="INSTRUCTION" missed="0" covered="68"/><counter type="BRANCH" missed="3" covered="7"/><counter type="LINE" missed="0" covered="16"/><counter type="COMPLEXITY" missed="3" covered="3"/><counter type="METHOD" missed="0" covered="1"/></method><method name="searchTable" desc="(Ljava/lang/String;)Ljava/lang/String;" line="99"><counter type="INSTRUCTION" missed="0" covered="50"/><counter type="BRANCH" missed="0" covered="4"/><counter type="LINE" missed="0" covered="13"/><counter type="COMPLEXITY" missed="0" covered="3"/><counter type="METHOD" missed="0" covered="1"/></method><method name="searchAmountInTable" desc="(Ljava/lang/String;Ljava/lang/String;)D" line="127"><counter type="INSTRUCTION" missed="0" covered="86"/><counter type="BRANCH" missed="4" covered="12"/><counter type="LINE" missed="0" covered="23"/><counter type="COMPLEXITY" missed="4" covered="5"/><counter type="METHOD" missed="0" covered="1"/></method><method name="&lt;clinit&gt;" desc="()V" line="15"><counter type="INSTRUCTION" missed="0" covered="24"/><counter type="LINE" missed="0" covered="1"/><counter type="COMPLEXITY" missed="0" covered="1"/><counter type="METHOD" missed="0" covered="1"/></method><counter type="INSTRUCTION" missed="0" covered="321"/><counter type="BRANCH" missed="10" covered="34"/><counter type="LINE" missed="0" covered="76"/><counter type="COMPLEXITY" missed="10" covered="18"/><counter type="METHOD" missed="0" covered="6"/><counter type="CLASS" missed="0" covered="1"/></class><class name="mainapp/StateWalletLauncher" sourcefilename="StateWalletLauncher.java"><method name="&lt;init&gt;" desc="()V" line="97"><counter type="INSTRUCTION" missed="0" covered="238"/><counter type="LINE" missed="0" covered="34"/><counter type="COMPLEXITY" missed="0" covered="1"/><counter type="METHOD" missed="0" covered="1"/></method><method name="addComp" desc="(Ljavax/swing/JPanel;Ljavax/swing/JComponent;Ljava/awt/Font;Ljava/awt/Color;I)V" line="159"><counter type="INSTRUCTION" missed="0" covered="29"/><counter type="BRANCH" missed="0" covered="6"/><counter type="LINE" missed="0" covered="9"/><counter type="COMPLEXITY" missed="0" covered="4"/><counter type="METHOD" missed="0" covered="1"/></method><method name="startProcess" desc="()V" line="173"><counter type="INSTRUCTION" missed="31" covered="0"/><counter type="LINE" missed="8" covered="0"/><counter type="COMPLEXITY" missed="1" covered="0"/><counter type="METHOD" missed="1" covered="0"/></method><method name="lambda$startProcess$0" desc="(Lmainapp/DatabaseFinder;I)V" line="182"><counter type="INSTRUCTION" missed="52" covered="0"/><counter type="BRANCH" missed="6" covered="0"/><counter type="LINE" missed="20" covered="0"/><counter type="COMPLEXITY" missed="4" covered="0"/><counter type="METHOD" missed="1" covered="0"/></method><method name="lambda$startProcess$5" desc="(Ljava/lang/Exception;)V" line="232"><counter type="INSTRUCTION" missed="20" covered="0"/><counter type="LINE" missed="6" covered="0"/><counter type="COMPLEXITY" missed="1" covered="0"/><counter type="METHOD" missed="1" covered="0"/></method><method name="lambda$startProcess$3" desc="(I)V" line="217"><counter type="INSTRUCTION" missed="26" covered="0"/><counter type="LINE" missed="7" covered="0"/><counter type="COMPLEXITY" missed="1" covered="0"/><counter type="METHOD" missed="1" covered="0"/></method><method name="lambda$startProcess$4" desc="(ILjava/awt/event/ActionEvent;)V" line="222"><counter type="INSTRUCTION" missed="12" covered="0"/><counter type="LINE" missed="4" covered="0"/><counter type="COMPLEXITY" missed="1" covered="0"/><counter type="METHOD" missed="1" covered="0"/></method><method name="lambda$startProcess$2" desc="()V" line="210"><counter type="INSTRUCTION" missed="5" covered="0"/><counter type="LINE" missed="1" covered="0"/><counter type="COMPLEXITY" missed="1" covered="0"/><counter type="METHOD" missed="1" covered="0"/></method><method name="lambda$startProcess$1" desc="()V" line="203"><counter type="INSTRUCTION" missed="5" covered="0"/><counter type="LINE" missed="1" covered="0"/><counter type="COMPLEXITY" missed="1" covered="0"/><counter type="METHOD" missed="1" covered="0"/></method><method name="lambda$new$0" desc="(Ljava/awt/event/ActionEvent;)V" line="154"><counter type="INSTRUCTION" missed="3" covered="0"/><counter type="LINE" missed="1" covered="0"/><counter type="COMPLEXITY" missed="1" covered="0"/><counter type="METHOD" missed="1" covered="0"/></method><method name="&lt;clinit&gt;" desc="()V" line="81"><counter type="INSTRUCTION" missed="0" covered="15"/><counter type="LINE" missed="0" covered="2"/><counter type="COMPLEXITY" missed="0" covered="1"/><counter type="METHOD" missed="0" covered="1"/></method><counter type="INSTRUCTION" missed="154" covered="282"/><counter type="BRANCH" missed="6" covered="6"/><counter type="LINE" missed="44" covered="45"/><counter type="COMPLEXITY" missed="11" covered="6"/><counter type="METHOD" missed="8" covered="3"/><counter type="CLASS" missed="0" covered="1"/></class><class name="mainapp/DatabaseFinder" sourcefilename="DatabaseFinder.java"><method name="&lt;init&gt;" desc="()V" line="8"><counter type="INSTRUCTION" missed="0" covered="3"/><counter type="LINE" missed="0" covered="1"/><counter type="COMPLEXITY" missed="0" covered="1"/><counter type="METHOD" missed="0" covered="1"/></method><method name="findYearbase" desc="(I)Z" line="17"><counter type="INSTRUCTION" missed="0" covered="11"/><counter type="LINE" missed="0" covered="3"/><counter type="COMPLEXITY" missed="0" covered="1"/><counter type="METHOD" missed="0" covered="1"/></method><counter type="INSTRUCTION" missed="0" covered="14"/><counter type="LINE" missed="0" covered="4"/><counter type="COMPLEXITY" missed="0" covered="2"/><counter type="METHOD" missed="0" covered="2"/><counter type="CLASS" missed="0" covered="1"/></class><class name="mainapp/DatabaseChooser" sourcefilename="DatabaseChooser.java"><method name="&lt;init&gt;" desc="()V" line="8"><counter type="INSTRUCTION" missed="0" covered="3"/><counter type="LINE" missed="0" covered="1"/><counter type="COMPLEXITY" missed="0" covered="1"/><counter type="METHOD" missed="0" covered="1"/></method><method name="getUrl" desc="()Ljava/lang/String;" line="22"><counter type="INSTRUCTION" missed="22" covered="47"/><counter type="BRANCH" missed="3" covered="5"/><counter type="LINE" missed="8" covered="14"/><counter type="COMPLEXITY" missed="3" covered="2"/><counter type="METHOD" missed="0" covered="1"/></method><counter type="INSTRUCTION" missed="22" covered="50"/><counter type="BRANCH" missed="3" covered="5"/><counter type="LINE" missed="8" covered="15"/><counter type="COMPLEXITY" missed="3" covered="3"/><counter type="METHOD" missed="0" covered="2"/><counter type="CLASS" missed="0" covered="1"/></class><class name="mainapp/PinakesImporter" sourcefilename="PinakesImporter.java"><method name="&lt;init&gt;" desc="(Ljava/lang/String;)V" line="39"><counter type="INSTRUCTION" missed="0" covered="6"/><counter type="LINE" missed="0" covered="3"/><counter type="COMPLEXITY" missed="0" covered="1"/><counter type="METHOD" missed="0" covered="1"/></method><method name="importAll" desc="()V" line="47"><counter type="INSTRUCTION" missed="37" covered="35"/><counter type="BRANCH" missed="1" covered="1"/><counter type="LINE" missed="9" covered="7"/><counter type="COMPLEXITY" missed="1" covered="1"/><counter type="METHOD" missed="0" covered="1"/></method><method name="createTables" desc="(Ljava/sql/Connection;)V" line="68"><counter type="INSTRUCTION" missed="0" covered="44"/><counter type="LINE" missed="0" covered="12"/><counter type="COMPLEXITY" missed="0" covered="1"/><counter type="METHOD" missed="0" covered="1"/></method><method name="importEsoda" desc="(Ljava/sql/Connection;Ljava/lang/String;)V" line="115"><counter type="INSTRUCTION" missed="0" covered="82"/><counter type="BRANCH" missed="0" covered="6"/><counter type="LINE" missed="0" covered="27"/><counter type="COMPLEXITY" missed="0" covered="4"/><counter type="METHOD" missed="0" covered="1"/></method><method name="importEksoda" desc="(Ljava/sql/Connection;Ljava/lang/String;)V" line="155"><counter type="INSTRUCTION" missed="82" covered="0"/><counter type="BRANCH" missed="6" covered="0"/><counter type="LINE" missed="27" covered="0"/><counter type="COMPLEXITY" missed="4" covered="0"/><counter type="METHOD" missed="1" covered="0"/></method><method name="importMinistries" desc="(Ljava/sql/Connection;Ljava/lang/String;)V" line="195"><counter type="INSTRUCTION" missed="5" covered="172"/><counter type="BRANCH" missed="5" covered="17"/><counter type="LINE" missed="2" covered="40"/><counter type="COMPLEXITY" missed="5" covered="7"/><counter type="METHOD" missed="0" covered="1"/></method><method name="setParams" desc="(Ljava/sql/PreparedStatement;ILjava/lang/String;DDD)V" line="256"><counter type="INSTRUCTION" missed="0" covered="51"/><counter type="LINE" missed="0" covered="18"/><counter type="COMPLEXITY" missed="0" covered="1"/><counter type="METHOD" missed="0" covered="1"/></method><counter type="INSTRUCTION" missed="124" covered="390"/><counter type="BRANCH" missed="12" covered="24"/><counter type="LINE" missed="38" covered="107"/><counter type="COMPLEXITY" missed="10" covered="15"/><counter type="METHOD" missed="1" covered="6"/><counter type="CLASS" missed="0" covered="1"/></class><class name="mainapp/AiAdvisorDialog$1" sourcefilename="AiAdvisorDialog.java"><method name="&lt;init&gt;" desc="(Lmainapp/AiAdvisorDialog;Ljava/lang/String;)V" line="316"><counter type="INSTRUCTION" missed="9" covered="0"/><counter type="LINE" missed="1" covered="0"/><counter type="COMPLEXITY" missed="1" covered="0"/><counter type="METHOD" missed="1" covered="0"/></method><method name="doInBackground" desc="()Ljava/lang/String;" line="320"><counter type="INSTRUCTION" missed="83" covered="0"/><counter type="BRANCH" missed="12" covered="0"/><counter type="LINE" missed="17" covered="0"/><counter type="COMPLEXITY" missed="7" covered="0"/><counter type="METHOD" missed="1" covered="0"/></method><method name="done" desc="()V" line="351"><counter type="INSTRUCTION" missed="27" covered="0"/><counter type="LINE" missed="8" covered="0"/><counter type="COMPLEXITY" missed="1" covered="0"/><counter type="METHOD" missed="1" covered="0"/></method><counter type="INSTRUCTION" missed="119" covered="0"/><counter type="BRANCH" missed="12" covered="0"/><counter type="LINE" missed="26" covered="0"/><counter type="COMPLEXITY" missed="9" covered="0"/><counter type="METHOD" missed="3" covered="0"/><counter type="CLASS" missed="1" covered="0"/></class><class name="mainapp/BudgetGUI$TableInfo" sourcefilename="BudgetGUI.java"><method name="&lt;init&gt;" desc="(Ljava/lang/String;Ljava/lang/String;Ljava/lang/String;)V" line="509"><counter type="INSTRUCTION" missed="0" covered="12"/><counter type="LINE" missed="0" covered="5"/><counter type="COMPLEXITY" missed="0" covered="1"/><counter type="METHOD" missed="0" covered="1"/></method><method name="toString" desc="()Ljava/lang/String;" line="517"><counter type="INSTRUCTION" missed="0" covered="3"/><counter type="LINE" missed="0" covered="1"/><counter type="COMPLEXITY" missed="0" covered="1"/><counter type="METHOD" missed="0" covered="1"/></method><counter type="INSTRUCTION" missed="0" covered="15"/><counter type="LINE" missed="0" covered="6"/><counter type="COMPLEXITY" missed="0" covered="2"/><counter type="METHOD" missed="0" covered="2"/><counter type="CLASS" missed="0" covered="1"/></class><class name="mainapp/DataforGrade" sourcefilename="DataforGrade.java"><method name="&lt;init&gt;" desc="()V" line="8"><counter type="INSTRUCTION" missed="0" covered="3"/><counter type="LINE" missed="0" covered="1"/><counter type="COMPLEXITY" missed="0" covered="1"/><counter type="METHOD" missed="0" covered="1"/></method><method name="getData" desc="(I)[D" line="50"><counter type="INSTRUCTION" missed="0" covered="20"/><counter type="BRANCH" missed="0" covered="4"/><counter type="LINE" missed="0" covered="4"/><counter type="COMPLEXITY" missed="0" covered="3"/><counter type="METHOD" missed="0" covered="1"/></method><method name="chooseYear" desc="()I" line="64"><counter type="INSTRUCTION" missed="0" covered="46"/><counter type="BRANCH" missed="1" covered="5"/><counter type="LINE" missed="0" covered="9"/><counter type="COMPLEXITY" missed="1" covered="3"/><counter type="METHOD" missed="0" covered="1"/></method><method name="&lt;clinit&gt;" desc="()V" line="11"><counter type="INSTRUCTION" missed="0" covered="399"/><counter type="LINE" missed="0" covered="2"/><counter type="COMPLEXITY" missed="0" covered="1"/><counter type="METHOD" missed="0" covered="1"/></method><counter type="INSTRUCTION" missed="0" covered="468"/><counter type="BRANCH" missed="1" covered="9"/><counter type="LINE" missed="0" covered="16"/><counter type="COMPLEXITY" missed="1" covered="8"/><counter type="METHOD" missed="0" covered="4"/><counter type="CLASS" missed="0" covered="1"/></class><class name="mainapp/AiBridge" sourcefilename="AiBridge.java"><method name="&lt;init&gt;" desc="()V" line="22"><counter type="INSTRUCTION" missed="0" covered="3"/><counter type="LINE" missed="0" covered="1"/><counter type="COMPLEXITY" missed="0" covered="1"/><counter type="METHOD" missed="0" covered="1"/></method><method name="findScript" desc="()Ljava/io/File;" line="50"><counter type="INSTRUCTION" missed="8" covered="56"/><counter type="BRANCH" missed="2" covered="4"/><counter type="LINE" missed="2" covered="7"/><counter type="COMPLEXITY" missed="2" covered="2"/><counter type="METHOD" missed="0" covered="1"/></method><method name="runPythonScript" desc="(Ljava/lang/String;[Ljava/lang/String;)Ljava/lang/String;" line="91"><counter type="INSTRUCTION" missed="131" covered="7"/><counter type="BRANCH" missed="9" covered="1"/><counter type="LINE" missed="28" covered="3"/><counter type="COMPLEXITY" missed="5" covered="1"/><counter type="METHOD" missed="0" covered="1"/></method><method name="getSpecificAdvice" desc="(Ljava/lang/String;Ljava/lang/String;DLjava/lang/String;)Ljava/lang/String;" line="168"><counter type="INSTRUCTION" missed="0" covered="23"/><counter type="LINE" missed="0" covered="2"/><counter type="COMPLEXITY" missed="0" covered="1"/><counter type="METHOD" missed="0" covered="1"/></method><method name="getGlobalStrategy" desc="(Ljava/lang/String;Ljava/lang/String;)Ljava/lang/String;" line="181"><counter type="INSTRUCTION" missed="0" covered="14"/><counter type="LINE" missed="0" covered="1"/><counter type="COMPLEXITY" missed="0" covered="1"/><counter type="METHOD" missed="0" covered="1"/></method><counter type="INSTRUCTION" missed="139" covered="103"/><counter type="BRANCH" missed="11" covered="5"/><counter type="LINE" missed="30" covered="14"/><counter type="COMPLEXITY" missed="7" covered="6"/><counter type="METHOD" missed="0" covered="5"/><counter type="CLASS" missed="0" covered="1"/></class><class name="mainapp/BudgetGUI" sourcefilename="BudgetGUI.java"><method name="&lt;init&gt;" desc="(Ljava/lang/String;)V" line="110"><counter type="INSTRUCTION" missed="0" covered="31"/><counter type="LINE" missed="0" covered="11"/><counter type="COMPLEXITY" missed="0" covered="1"/><counter type="METHOD" missed="0" covered="1"/></method><method name="initComponents" desc="()V" line="125"><counter type="INSTRUCTION" missed="0" covered="186"/><counter type="LINE" missed="0" covered="26"/><counter type="COMPLEXITY" missed="0" covered="1"/><counter type="METHOD" missed="0" covered="1"/></method><method name="initLayout" desc="()V" line="170"><counter type="INSTRUCTION" missed="0" covered="184"/><counter type="LINE" missed="0" covered="34"/><counter type="COMPLEXITY" missed="0" covered="1"/><counter type="METHOD" missed="0" covered="1"/></method><method name="initListeners" desc="()V" line="213"><counter type="INSTRUCTION" missed="0" covered="48"/><counter type="LINE" missed="0" covered="10"/><counter type="COMPLEXITY" missed="0" covered="1"/><counter type="METHOD" missed="0" covered="1"/></method><method name="loadSelectedTable" desc="()V" line="317"><counter type="INSTRUCTION" missed="96" covered="0"/><counter type="BRANCH" missed="4" covered="0"/><counter type="LINE" missed="24" covered="0"/><counter type="COMPLEXITY" missed="3" covered="0"/><counter type="METHOD" missed="1" covered="0"/></method><method name="updateAmount" desc="()V" line="350"><counter type="INSTRUCTION" missed="129" covered="0"/><counter type="BRANCH" missed="20" covered="0"/><counter type="LINE" missed="37" covered="0"/><counter type="COMPLEXITY" missed="11" covered="0"/><counter type="METHOD" missed="1" covered="0"/></method><method name="loadChangesFromDb" desc="()V" line="426"><counter type="INSTRUCTION" missed="174" covered="0"/><counter type="BRANCH" missed="8" covered="0"/><counter type="LINE" missed="29" covered="0"/><counter type="COMPLEXITY" missed="5" covered="0"/><counter type="METHOD" missed="1" covered="0"/></method><method name="updateBudgetUI" desc="()V" line="475"><counter type="INSTRUCTION" missed="56" covered="0"/><counter type="BRANCH" missed="4" covered="0"/><counter type="LINE" missed="10" covered="0"/><counter type="COMPLEXITY" missed="3" covered="0"/><counter type="METHOD" missed="1" covered="0"/></method><method name="lambda$initListeners$7" desc="(Ljava/awt/event/ActionEvent;)V" line="294"><counter type="INSTRUCTION" missed="54" covered="0"/><counter type="BRANCH" missed="2" covered="0"/><counter type="LINE" missed="14" covered="0"/><counter type="COMPLEXITY" missed="2" covered="0"/><counter type="METHOD" missed="1" covered="0"/></method><method name="lambda$initListeners$6" desc="(Ljava/awt/event/ActionEvent;)V" line="263"><counter type="INSTRUCTION" missed="57" covered="0"/><counter type="BRANCH" missed="2" covered="0"/><counter type="LINE" missed="15" covered="0"/><counter type="COMPLEXITY" missed="2" covered="0"/><counter type="METHOD" missed="1" covered="0"/></method><method name="lambda$initListeners$5" desc="(Ljava/awt/event/ActionEvent;)V" line="260"><counter type="INSTRUCTION" missed="9" covered="0"/><counter type="LINE" missed="2" covered="0"/><counter type="COMPLEXITY" missed="1" covered="0"/><counter type="METHOD" missed="1" covered="0"/></method><method name="lambda$initListeners$4" desc="(Ljava/awt/event/ActionEvent;)V" line="239"><counter type="INSTRUCTION" missed="31" covered="0"/><counter type="BRANCH" missed="2" covered="0"/><counter type="LINE" missed="8" covered="0"/><counter type="COMPLEXITY" missed="2" covered="0"/><counter type="METHOD" missed="1" covered="0"/></method><method name="lambda$initListeners$3" desc="(Ljava/awt/event/ActionEvent;)V" line="237"><counter type="INSTRUCTION" missed="3" covered="0"/><counter type="LINE" missed="1" covered="0"/><counter type="COMPLEXITY" missed="1" covered="0"/><counter type="METHOD" missed="1" covered="0"/></method><method name="lambda$initListeners$2" desc="(Ljava/awt/event/ActionEvent;)V" line="236"><counter type="INSTRUCTION" missed="3" covered="0"/><counter type="LINE" missed="1" covered="0"/><counter type="COMPLEXITY" missed="1" covered="0"/><counter type="METHOD" missed="1" covered="0"/></method><method name="lambda$initListeners$1" desc="(Ljava/awt/event/ActionEvent;)V" line="218"><counter type="INSTRUCTION" missed="3" covered="0"/><counter type="LINE" missed="1" covered="0"/><counter type="COMPLEXITY" missed="1" covered="0"/><counter type="METHOD" missed="1" covered="0"/></method><method name="lambda$initListeners$0" desc="(Ljava/awt/event/ActionEvent;)V" line="214"><counter type="INSTRUCTION" missed="8" covered="0"/><counter type="LINE" missed="3" covered="0"/><counter type="COMPLEXITY" missed="1" covered="0"/><counter type="METHOD" missed="1" covered="0"/></method><method name="&lt;clinit&gt;" desc="()V" line="65"><counter type="INSTRUCTION" missed="0" covered="15"/><counter type="LINE" missed="0" covered="2"/><counter type="COMPLEXITY" missed="0" covered="1"/><counter type="METHOD" missed="0" covered="1"/></method><counter type="INSTRUCTION" missed="623" covered="464"/><counter type="BRANCH" missed="42" covered="0"/><counter type="LINE" missed="142" covered="83"/><counter type="COMPLEXITY" missed="33" covered="5"/><counter type="METHOD" missed="12" covered="5"/><counter type="CLASS" missed="0" covered="1"/></class><class name="mainapp/BudgetMenu" sourcefilename="BudgetMenu.java"><method name="&lt;init&gt;" desc="(Ljava/lang/String;)V" line="74"><counter type="INSTRUCTION" missed="0" covered="24"/><counter type="LINE" missed="0" covered="6"/><counter type="COMPLEXITY" missed="0" covered="1"/><counter type="METHOD" missed="0" covered="1"/></method><method name="start" desc="()V" line="99"><counter type="INSTRUCTION" missed="0" covered="29"/><counter type="BRANCH" missed="0" covered="2"/><counter type="LINE" missed="0" covered="12"/><counter type="COMPLEXITY" missed="0" covered="2"/><counter type="METHOD" missed="0" covered="1"/></method><method name="printMenuOptions" desc="()V" line="121"><counter type="INSTRUCTION" missed="0" covered="49"/><counter type="LINE" missed="0" covered="17"/><counter type="COMPLEXITY" missed="0" covered="1"/><counter type="METHOD" missed="0" covered="1"/></method><method name="processChoice" desc="(I)Z" line="144"><counter type="INSTRUCTION" missed="69" covered="21"/><counter type="BRANCH" missed="11" covered="4"/><counter type="LINE" missed="22" covered="8"/><counter type="COMPLEXITY" missed="11" covered="4"/><counter type="METHOD" missed="0" covered="1"/></method><method name="handleCharacterism" desc="()V" line="188"><counter type="INSTRUCTION" missed="54" covered="0"/><counter type="BRANCH" missed="2" covered="0"/><counter type="LINE" missed="11" covered="0"/><counter type="COMPLEXITY" missed="2" covered="0"/><counter type="METHOD" missed="1" covered="0"/></method><method name="showBudgetSelection" desc="()V" line="208"><counter type="INSTRUCTION" missed="60" covered="38"/><counter type="BRANCH" missed="7" covered="1"/><counter type="LINE" missed="13" covered="13"/><counter type="COMPLEXITY" missed="7" covered="1"/><counter type="METHOD" missed="0" covered="1"/></method><method name="changeBudget" desc="()V" line="266"><counter type="INSTRUCTION" missed="178" covered="0"/><counter type="BRANCH" missed="18" covered="0"/><counter type="LINE" missed="60" covered="0"/><counter type="COMPLEXITY" missed="12" covered="0"/><counter type="METHOD" missed="1" covered="0"/></method><method name="showTotalSelection" desc="()V" line="365"><counter type="INSTRUCTION" missed="28" covered="68"/><counter type="BRANCH" missed="5" covered="1"/><counter type="LINE" missed="10" covered="17"/><counter type="COMPLEXITY" missed="5" covered="1"/><counter type="METHOD" missed="0" covered="1"/></method><method name="getPercentage" desc="()V" line="407"><counter type="INSTRUCTION" missed="97" covered="0"/><counter type="BRANCH" missed="10" covered="0"/><counter type="LINE" missed="29" covered="0"/><counter type="COMPLEXITY" missed="7" covered="0"/><counter type="METHOD" missed="1" covered="0"/></method><method name="processAllPercentages" desc="(Ljava/lang/String;D)V" line="472"><counter type="INSTRUCTION" missed="130" covered="0"/><counter type="BRANCH" missed="6" covered="0"/><counter type="LINE" missed="34" covered="0"/><counter type="COMPLEXITY" missed="4" covered="0"/><counter type="METHOD" missed="1" covered="0"/></method><method name="handleAiSpecific" desc="()V" line="532"><counter type="INSTRUCTION" missed="70" covered="57"/><counter type="BRANCH" missed="8" covered="3"/><counter type="LINE" missed="22" covered="17"/><counter type="COMPLEXITY" missed="7" covered="1"/><counter type="METHOD" missed="0" covered="1"/></method><method name="handleAiGlobal" desc="()V" line="603"><counter type="INSTRUCTION" missed="25" covered="0"/><counter type="LINE" missed="7" covered="0"/><counter type="COMPLEXITY" missed="1" covered="0"/><counter type="METHOD" missed="1" covered="0"/></method><method name="predictValue" desc="()V" line="621"><counter type="INSTRUCTION" missed="88" covered="0"/><counter type="BRANCH" missed="8" covered="0"/><counter type="LINE" missed="39" covered="0"/><counter type="COMPLEXITY" missed="7" covered="0"/><counter type="METHOD" missed="1" covered="0"/></method><method name="collectHistory" desc="(Ljava/lang/String;Ljava/lang/String;I)Ljava/util/Map;" line="710"><counter type="INSTRUCTION" missed="110" covered="0"/><counter type="BRANCH" missed="8" covered="0"/><counter type="LINE" missed="27" covered="0"/><counter type="COMPLEXITY" missed="5" covered="0"/><counter type="METHOD" missed="1" covered="0"/></method><method name="performPrediction" desc="(Ljava/util/Map;)V" line="774"><counter type="INSTRUCTION" missed="139" covered="0"/><counter type="BRANCH" missed="4" covered="0"/><counter type="LINE" missed="24" covered="0"/><counter type="COMPLEXITY" missed="3" covered="0"/><counter type="METHOD" missed="1" covered="0"/></method><counter type="INSTRUCTION" missed="1048" covered="286"/><counter type="BRANCH" missed="87" covered="11"/><counter type="LINE" missed="298" covered="90"/><counter type="COMPLEXITY" missed="71" covered="11"/><counter type="METHOD" missed="8" covered="7"/><counter type="CLASS" missed="0" covered="1"/></class><class name="mainapp/EconElemGrades" sourcefilename="EconElemGrades.java"><method name="&lt;init&gt;" desc="()V" line="6"><counter type="INSTRUCTION" missed="0" covered="3"/><counter type="LINE" missed="0" covered="1"/><counter type="COMPLEXITY" missed="0" covered="1"/><counter type="METHOD" missed="0" covered="1"/></method><method name="getGDPGrowthGrade" desc="(D)I" line="65"><counter type="INSTRUCTION" missed="4" covered="28"/><counter type="BRANCH" missed="2" covered="8"/><counter type="LINE" missed="2" covered="9"/><counter type="COMPLEXITY" missed="2" covered="4"/><counter type="METHOD" missed="0" covered="1"/></method><method name="getPublicDebtGrade" desc="(D)I" line="87"><counter type="INSTRUCTION" missed="2" covered="30"/><counter type="BRANCH" missed="1" covered="9"/><counter type="LINE" missed="1" covered="10"/><counter type="COMPLEXITY" missed="1" covered="5"/><counter type="METHOD" missed="0" covered="1"/></method><method name="getSurplusGrade" desc="(D)I" line="109"><counter type="INSTRUCTION" missed="0" covered="32"/><counter type="BRANCH" missed="0" covered="10"/><counter type="LINE" missed="0" covered="11"/><counter type="COMPLEXITY" missed="0" covered="6"/><counter type="METHOD" missed="0" covered="1"/></method><method name="getEconomicGrade" desc="(DDDDDD)D" line="139"><counter type="INSTRUCTION" missed="0" covered="63"/><counter type="LINE" missed="0" covered="13"/><counter type="COMPLEXITY" missed="0" covered="1"/><counter type="METHOD" missed="0" covered="1"/></method><counter type="INSTRUCTION" missed="6" covered="156"/><counter type="BRANCH" missed="3" covered="27"/><counter type="LINE" missed="3" covered="44"/><counter type="COMPLEXITY" missed="3" covered="17"/><counter type="METHOD" missed="0" covered="5"/><counter type="CLASS" missed="0" covered="1"/></class><class name="mainapp/TotalsPanel" sourcefilename="TotalsPanel.java"><method name="&lt;init&gt;" desc="(Lmainapp/BudgetManager;)V" line="69"><counter type="INSTRUCTION" missed="0" covered="68"/><counter type="LINE" missed="0" covered="15"/><counter type="COMPLEXITY" missed="0" covered="1"/><counter type="METHOD" missed="0" covered="1"/></method><method name="updateTotals" desc="(Ljava/lang/String;)V" line="95"><counter type="INSTRUCTION" missed="4" covered="72"/><counter type="BRANCH" missed="1" covered="3"/><counter type="LINE" missed="1" covered="15"/><counter type="COMPLEXITY" missed="1" covered="2"/><counter type="METHOD" missed="0" covered="1"/></method><method name="&lt;clinit&gt;" desc="()V" line="52"><counter type="INSTRUCTION" missed="0" covered="8"/><counter type="LINE" missed="0" covered="1"/><counter type="COMPLEXITY" missed="0" covered="1"/><counter type="METHOD" missed="0" covered="1"/></method><counter type="INSTRUCTION" missed="4" covered="148"/><counter type="BRANCH" missed="1" covered="3"/><counter type="LINE" missed="1" covered="31"/><counter type="COMPLEXITY" missed="1" covered="4"/><counter type="METHOD" missed="0" covered="3"/><counter type="CLASS" missed="0" covered="1"/></class><class name="mainapp/TotalGrade" sourcefilename="TotalGrade.java"><method name="&lt;init&gt;" desc="()V" line="9"><counter type="INSTRUCTION" missed="0" covered="3"/><counter type="LINE" missed="0" covered="1"/><counter type="COMPLEXITY" missed="0" covered="1"/><counter type="METHOD" missed="0" covered="1"/></method><method name="getTotalGrade" desc="()V" line="46"><counter type="INSTRUCTION" missed="274" covered="105"/><counter type="BRANCH" missed="7" covered="5"/><counter type="LINE" missed="50" covered="28"/><counter type="COMPLEXITY" missed="5" covered="2"/><counter type="METHOD" missed="0" covered="1"/></method><counter type="INSTRUCTION" missed="274" covered="108"/><counter type="BRANCH" missed="7" covered="5"/><counter type="LINE" missed="50" covered="29"/><counter type="COMPLEXITY" missed="5" covered="3"/><counter type="METHOD" missed="0" covered="2"/><counter type="CLASS" missed="0" covered="1"/></class><class name="mainapp/Accounts" sourcefilename="Accounts.java"><method name="&lt;init&gt;" desc="()V" line="14"><counter type="INSTRUCTION" missed="0" covered="3"/><counter type="LINE" missed="0" covered="1"/><counter type="COMPLEXITY" missed="0" covered="1"/><counter type="METHOD" missed="0" covered="1"/></method><method name="createTable" desc="()V" line="31"><counter type="INSTRUCTION" missed="8" covered="14"/><counter type="LINE" missed="3" covered="6"/><counter type="COMPLEXITY" missed="0" covered="1"/><counter type="METHOD" missed="0" covered="1"/></method><method name="createAccount" desc="(Ljava/lang/String;Ljava/lang/String;Ljava/lang/String;)V" line="54"><counter type="INSTRUCTION" missed="5" covered="29"/><counter type="LINE" missed="2" covered="10"/><counter type="COMPLEXITY" missed="0" covered="1"/><counter type="METHOD" missed="0" covered="1"/></method><method name="getPassword" desc="(Ljava/lang/String;)Ljava/lang/String;" line="75"><counter type="INSTRUCTION" missed="5" covered="33"/><counter type="BRANCH" missed="0" covered="2"/><counter type="LINE" missed="2" covered="11"/><counter type="COMPLEXITY" missed="0" covered="2"/><counter type="METHOD" missed="0" covered="1"/></method><method name="logIn" desc="(Ljava/lang/String;Ljava/lang/String;)Z" line="102"><counter type="INSTRUCTION" missed="0" covered="16"/><counter type="BRANCH" missed="0" covered="4"/><counter type="LINE" missed="0" covered="5"/><counter type="COMPLEXITY" missed="0" covered="3"/><counter type="METHOD" missed="0" covered="1"/></method><method name="newPass" desc="(Ljava/lang/String;Ljava/lang/String;)V" line="118"><counter type="INSTRUCTION" missed="6" covered="26"/><counter type="LINE" missed="2" covered="9"/><counter type="COMPLEXITY" missed="0" covered="1"/><counter type="METHOD" missed="0" covered="1"/></method><method name="validatePassword" desc="(Ljava/lang/String;)Z" line="137"><counter type="INSTRUCTION" missed="0" covered="93"/><counter type="BRANCH" missed="1" covered="19"/><counter type="LINE" missed="0" covered="31"/><counter type="COMPLEXITY" missed="1" covered="10"/><counter type="METHOD" missed="0" covered="1"/></method><method name="forgotPass" desc="(Ljava/lang/String;)V" line="188"><counter type="INSTRUCTION" missed="26" covered="8"/><counter type="BRANCH" missed="4" covered="0"/><counter type="LINE" missed="8" covered="2"/><counter type="COMPLEXITY" missed="2" covered="1"/><counter type="METHOD" missed="0" covered="1"/></method><method name="getId" desc="(Ljava/lang/String;)Ljava/lang/String;" line="210"><counter type="INSTRUCTION" missed="5" covered="33"/><counter type="BRANCH" missed="0" covered="2"/><counter type="LINE" missed="2" covered="11"/><counter type="COMPLEXITY" missed="0" covered="2"/><counter type="METHOD" missed="0" covered="1"/></method><counter type="INSTRUCTION" missed="55" covered="255"/><counter type="BRANCH" missed="5" covered="27"/><counter type="LINE" missed="19" covered="86"/><counter type="COMPLEXITY" missed="3" covered="22"/><counter type="METHOD" missed="0" covered="9"/><counter type="CLASS" missed="0" covered="1"/></class><class name="mainapp/BudgetGUI$1" sourcefilename="BudgetGUI.java"><method name="&lt;init&gt;" desc="(Lmainapp/BudgetGUI;[Ljava/lang/Object;I)V" line="149"><counter type="INSTRUCTION" missed="0" covered="8"/><counter type="LINE" missed="0" covered="1"/><counter type="COMPLEXITY" missed="0" covered="1"/><counter type="METHOD" missed="0" covered="1"/></method><method name="isCellEditable" desc="(II)Z" line="152"><counter type="INSTRUCTION" missed="2" covered="0"/><counter type="LINE" missed="1" covered="0"/><counter type="COMPLEXITY" missed="1" covered="0"/><counter type="METHOD" missed="1" covered="0"/></method><counter type="INSTRUCTION" missed="2" covered="8"/><counter type="LINE" missed="1" covered="1"/><counter type="COMPLEXITY" missed="1" covered="1"/><counter type="METHOD" missed="1" covered="1"/><counter type="CLASS" missed="0" covered="1"/></class><class name="mainapp/LogUi" sourcefilename="LogUi.java"><method name="&lt;init&gt;" desc="()V" line="79"><counter type="INSTRUCTION" missed="220" covered="0"/><counter type="LINE" missed="44" covered="0"/><counter type="COMPLEXITY" missed="1" covered="0"/><counter type="METHOD" missed="1" covered="0"/></method><method name="createStyledButton" desc="(Ljava/lang/String;)Ljavax/swing/JButton;" line="137"><counter type="INSTRUCTION" missed="37" covered="0"/><counter type="LINE" missed="8" covered="0"/><counter type="COMPLEXITY" missed="1" covered="0"/><counter type="METHOD" missed="1" covered="0"/></method><method name="getPasswordInput" desc="(Ljava/lang/String;)Ljava/lang/String;" line="154"><counter type="INSTRUCTION" missed="90" covered="0"/><counter type="BRANCH" missed="2" covered="0"/><counter type="LINE" missed="20" covered="0"/><counter type="COMPLEXITY" missed="2" covered="0"/><counter type="METHOD" missed="1" covered="0"/></method><method name="createAccount" desc="()V" line="198"><counter type="INSTRUCTION" missed="110" covered="0"/><counter type="BRANCH" missed="16" covered="0"/><counter type="LINE" missed="29" covered="0"/><counter type="COMPLEXITY" missed="9" covered="0"/><counter type="METHOD" missed="1" covered="0"/></method><method name="login" desc="()V" line="243"><counter type="INSTRUCTION" missed="45" covered="0"/><counter type="BRANCH" missed="8" covered="0"/><counter type="LINE" missed="16" covered="0"/><counter type="COMPLEXITY" missed="5" covered="0"/><counter type="METHOD" missed="1" covered="0"/></method><method name="changePassword" desc="()V" line="269"><counter type="INSTRUCTION" missed="44" covered="0"/><counter type="BRANCH" missed="10" covered="0"/><counter type="LINE" missed="14" covered="0"/><counter type="COMPLEXITY" missed="6" covered="0"/><counter type="METHOD" missed="1" covered="0"/></method><method name="forgotPassword" desc="()V" line="294"><counter type="INSTRUCTION" missed="29" covered="0"/><counter type="BRANCH" missed="6" covered="0"/><counter type="LINE" missed="7" covered="0"/><counter type="COMPLEXITY" missed="4" covered="0"/><counter type="METHOD" missed="1" covered="0"/></method><method name="lambda$getPasswordInput$0" desc="(Ljavax/swing/JCheckBox;Ljavax/swing/JPasswordField;CLjava/awt/event/ActionEvent;)V" line="172"><counter type="INSTRUCTION" missed="11" covered="0"/><counter type="BRANCH" missed="2" covered="0"/><counter type="LINE" missed="4" covered="0"/><counter type="COMPLEXITY" missed="2" covered="0"/><counter type="METHOD" missed="1" covered="0"/></method><method name="lambda$new$4" desc="(Ljava/awt/event/ActionEvent;)V" line="133"><counter type="INSTRUCTION" missed="3" covered="0"/><counter type="LINE" missed="1" covered="0"/><counter type="COMPLEXITY" missed="1" covered="0"/><counter type="METHOD" missed="1" covered="0"/></method><method name="lambda$new$3" desc="(Ljava/awt/event/ActionEvent;)V" line="132"><counter type="INSTRUCTION" missed="3" covered="0"/><counter type="LINE" missed="1" covered="0"/><counter type="COMPLEXITY" missed="1" covered="0"/><counter type="METHOD" missed="1" covered="0"/></method><method name="lambda$new$2" desc="(Ljava/awt/event/ActionEvent;)V" line="131"><counter type="INSTRUCTION" missed="3" covered="0"/><counter type="LINE" missed="1" covered="0"/><counter type="COMPLEXITY" missed="1" covered="0"/><counter type="METHOD" missed="1" covered="0"/></method><method name="lambda$new$1" desc="(Ljava/awt/event/ActionEvent;)V" line="130"><counter type="INSTRUCTION" missed="3" covered="0"/><counter type="LINE" missed="1" covered="0"/><counter type="COMPLEXITY" missed="1" covered="0"/><counter type="METHOD" missed="1" covered="0"/></method><method name="lambda$new$0" desc="(Ljava/awt/event/ActionEvent;)V" line="129"><counter type="INSTRUCTION" missed="3" covered="0"/><counter type="LINE" missed="1" covered="0"/><counter type="COMPLEXITY" missed="1" covered="0"/><counter type="METHOD" missed="1" covered="0"/></method><counter type="INSTRUCTION" missed="601" covered="0"/><counter type="BRANCH" missed="44" covered="0"/><counter type="LINE" missed="142" covered="0"/><counter type="COMPLEXITY" missed="35" covered="0"/><counter type="METHOD" missed="13" covered="0"/><counter type="CLASS" missed="1" covered="0"/></class><class name="mainapp/BudgetGUI$2" sourcefilename="BudgetGUI.java"><method name="&lt;init&gt;" desc="(Lmainapp/BudgetGUI;)V" line="220"><counter type="INSTRUCTION" missed="0" covered="6"/><counter type="LINE" missed="0" covered="1"/><counter type="COMPLEXITY" missed="0" covered="1"/><counter type="METHOD" missed="0" covered="1"/></method><method name="mouseClicked" desc="(Ljava/awt/event/MouseEvent;)V" line="223"><counter type="INSTRUCTION" missed="40" covered="0"/><counter type="BRANCH" missed="4" covered="0"/><counter type="LINE" missed="8" covered="0"/><counter type="COMPLEXITY" missed="3" covered="0"/><counter type="METHOD" missed="1" covered="0"/></method><counter type="INSTRUCTION" missed="40" covered="6"/><counter type="BRANCH" missed="4" covered="0"/><counter type="LINE" missed="8" covered="1"/><counter type="COMPLEXITY" missed="3" covered="1"/><counter type="METHOD" missed="1" covered="1"/><counter type="CLASS" missed="0" covered="1"/></class><class name="mainapp/AiAdvisorDialog" sourcefilename="AiAdvisorDialog.java"><method name="&lt;init&gt;" desc="(Ljavax/swing/JFrame;Ljava/lang/String;Ljava/lang/String;Ljava/lang/String;Ljava/lang/String;)V" line="126"><counter type="INSTRUCTION" missed="0" covered="33"/><counter type="LINE" missed="0" covered="8"/><counter type="COMPLEXITY" missed="0" covered="1"/><counter type="METHOD" missed="0" covered="1"/></method><method name="initComponents" desc="(Ljava/lang/String;Ljava/lang/String;Ljava/lang/String;)V" line="147"><counter type="INSTRUCTION" missed="0" covered="476"/><counter type="BRANCH" missed="2" covered="8"/><counter type="LINE" missed="0" covered="92"/><counter type="COMPLEXITY" missed="2" covered="4"/><counter type="METHOD" missed="0" covered="1"/></method><method name="createReadOnlyField" desc="(Ljava/lang/String;Ljava/lang/String;)Ljavax/swing/JTextField;" line="295"><counter type="INSTRUCTION" missed="0" covered="35"/><counter type="LINE" missed="0" covered="8"/><counter type="COMPLEXITY" missed="0" covered="1"/><counter type="METHOD" missed="0" covered="1"/></method><method name="runAiTask" desc="(Ljava/lang/String;)V" line="311"><counter type="INSTRUCTION" missed="15" covered="0"/><counter type="LINE" missed="5" covered="0"/><counter type="COMPLEXITY" missed="1" covered="0"/><counter type="METHOD" missed="1" covered="0"/></method><method name="lambda$initComponents$2" desc="(Ljava/awt/event/ActionEvent;)V" line="276"><counter type="INSTRUCTION" missed="3" covered="0"/><counter type="LINE" missed="1" covered="0"/><counter type="COMPLEXITY" missed="1" covered="0"/><counter type="METHOD" missed="1" covered="0"/></method><method name="lambda$initComponents$1" desc="(Ljava/awt/event/ActionEvent;)V" line="213"><counter type="INSTRUCTION" missed="4" covered="0"/><counter type="LINE" missed="1" covered="0"/><counter type="COMPLEXITY" missed="1" covered="0"/><counter type="METHOD" missed="1" covered="0"/></method><method name="lambda$initComponents$0" desc="(Ljava/awt/event/ActionEvent;)V" line="170"><counter type="INSTRUCTION" missed="4" covered="0"/><counter type="LINE" missed="1" covered="0"/><counter type="COMPLEXITY" missed="1" covered="0"/><counter type="METHOD" missed="1" covered="0"/></method><counter type="INSTRUCTION" missed="26" covered="544"/><counter type="BRANCH" missed="2" covered="8"/><counter type="LINE" missed="5" covered="108"/><counter type="COMPLEXITY" missed="6" covered="6"/><counter type="METHOD" missed="4" covered="3"/><counter type="CLASS" missed="0" covered="1"/></class><class name="mainapp/SocElemGrades" sourcefilename="SocElemGrades.java"><method name="&lt;init&gt;" desc="()V" line="6"><counter type="INSTRUCTION" missed="0" covered="3"/><counter type="LINE" missed="0" covered="1"/><counter type="COMPLEXITY" missed="0" covered="1"/><counter type="METHOD" missed="0" covered="1"/></method><method name="getGINIGrade" desc="(D)I" line="87"><counter type="INSTRUCTION" missed="0" covered="32"/><counter type="BRANCH" missed="0" covered="10"/><counter type="LINE" missed="0" covered="11"/><counter type="COMPLEXITY" missed="0" covered="6"/><counter type="METHOD" missed="0" covered="1"/></method><method name="getCrimeGrade" desc="(D)I" line="109"><counter type="INSTRUCTION" missed="0" covered="32"/><counter type="BRANCH" missed="0" covered="10"/><counter type="LINE" missed="0" covered="11"/><counter type="COMPLEXITY" missed="0" covered="6"/><counter type="METHOD" missed="0" covered="1"/></method><method name="getMentalHealthGrade" desc="(D)I" line="131"><counter type="INSTRUCTION" missed="0" covered="32"/><counter type="BRANCH" missed="0" covered="10"/><counter type="LINE" missed="0" covered="11"/><counter type="COMPLEXITY" missed="0" covered="6"/><counter type="METHOD" missed="0" covered="1"/></method><method name="getHealthEduGrade" desc="(D)I" line="153"><counter type="INSTRUCTION" missed="0" covered="32"/><counter type="BRANCH" missed="0" covered="10"/><counter type="LINE" missed="0" covered="11"/><counter type="COMPLEXITY" missed="0" covered="6"/><counter type="METHOD" missed="0" covered="1"/></method><method name="getSocialGrade" desc="([DDDDD)D" line="183"><counter type="INSTRUCTION" missed="0" covered="87"/><counter type="LINE" missed="0" covered="16"/><counter type="COMPLEXITY" missed="0" covered="1"/><counter type="METHOD" missed="0" covered="1"/></method><counter type="INSTRUCTION" missed="0" covered="218"/><counter type="BRANCH" missed="0" covered="40"/><counter type="LINE" missed="0" covered="61"/><counter type="COMPLEXITY" missed="0" covered="26"/><counter type="METHOD" missed="0" covered="6"/><counter type="CLASS" missed="0" covered="1"/></class><class name="mainapp/PredictionUI" sourcefilename="PredictionUI.java"><method name="&lt;init&gt;" desc="(Ljava/lang/String;Ljava/lang/String;Ljava/lang/String;ILjava/lang/String;)V" line="69"><counter type="INSTRUCTION" missed="0" covered="96"/><counter type="LINE" missed="0" covered="21"/><counter type="COMPLEXITY" missed="0" covered="1"/><counter type="METHOD" missed="0" covered="1"/></method><method name="collectDataFromYears" desc="()Ljava/util/Map;" line="143"><counter type="INSTRUCTION" missed="41" covered="0"/><counter type="BRANCH" missed="4" covered="0"/><counter type="LINE" missed="8" covered="0"/><counter type="COMPLEXITY" missed="3" covered="0"/><counter type="METHOD" missed="1" covered="0"/></method><method name="lambda$new$0" desc="(Ljavax/swing/JTextArea;Ljava/awt/event/ActionEvent;)V" line="91"><counter type="INSTRUCTION" missed="161" covered="0"/><counter type="BRANCH" missed="6" covered="0"/><counter type="LINE" missed="32" covered="0"/><counter type="COMPLEXITY" missed="4" covered="0"/><counter type="METHOD" missed="1" covered="0"/></method><method name="lambda$new$1" desc="(Ljava/lang/StringBuilder;Ljava/lang/Integer;Ljava/lang/Double;)V" line="124"><counter type="INSTRUCTION" missed="16" covered="0"/><counter type="LINE" missed="2" covered="0"/><counter type="COMPLEXITY" missed="1" covered="0"/><counter type="METHOD" missed="1" covered="0"/></method><counter type="INSTRUCTION" missed="218" covered="96"/><counter type="BRANCH" missed="10" covered="0"/><counter type="LINE" missed="41" covered="21"/><counter type="COMPLEXITY" missed="8" covered="1"/><counter type="METHOD" missed="3" covered="1"/><counter type="CLASS" missed="0" covered="1"/></class><class name="mainapp/StateWalletUi" sourcefilename="StateWalletUi.java"><method name="main" desc="([Ljava/lang/String;)V" line="26"><counter type="INSTRUCTION" missed="9" covered="0"/><counter type="LINE" missed="7" covered="0"/><counter type="COMPLEXITY" missed="1" covered="0"/><counter type="METHOD" missed="1" covered="0"/></method><method name="lambda$main$0" desc="()V" line="33"><counter type="INSTRUCTION" missed="6" covered="0"/><counter type="LINE" missed="1" covered="0"/><counter type="COMPLEXITY" missed="1" covered="0"/><counter type="METHOD" missed="1" covered="0"/></method><counter type="INSTRUCTION" missed="15" covered="0"/><counter type="LINE" missed="7" covered="0"/><counter type="COMPLEXITY" missed="2" covered="0"/><counter type="METHOD" missed="2" covered="0"/><counter type="CLASS" missed="1" covered="0"/></class><class name="mainapp/GradeChar" sourcefilename="GradeChar.java"><method name="&lt;init&gt;" desc="()V" line="7"><counter type="INSTRUCTION" missed="0" covered="3"/><counter type="LINE" missed="0" covered="1"/><counter type="COMPLEXITY" missed="0" covered="1"/><counter type="METHOD" missed="0" covered="1"/></method><method name="gdpGrowthChar" desc="(I)V" line="25"><counter type="INSTRUCTION" missed="11" covered="14"/><counter type="BRANCH" missed="3" covered="3"/><counter type="LINE" missed="3" covered="5"/><counter type="COMPLEXITY" missed="3" covered="1"/><counter type="METHOD" missed="0" covered="1"/></method><method name="surplusChar" desc="(I)V" line="47"><counter type="INSTRUCTION" missed="7" covered="18"/><counter type="BRANCH" missed="2" covered="4"/><counter type="LINE" missed="2" covered="6"/><counter type="COMPLEXITY" missed="2" covered="2"/><counter type="METHOD" missed="0" covered="1"/></method><method name="giniChar" desc="(I)V" line="71"><counter type="INSTRUCTION" missed="3" covered="15"/><counter type="BRANCH" missed="1" covered="3"/><counter type="LINE" missed="1" covered="5"/><counter type="COMPLEXITY" missed="1" covered="2"/><counter type="METHOD" missed="0" covered="1"/></method><method name="crimeRateChar" desc="(I)V" line="91"><counter type="INSTRUCTION" missed="4" covered="14"/><counter type="BRANCH" missed="1" covered="3"/><counter type="LINE" missed="1" covered="5"/><counter type="COMPLEXITY" missed="1" covered="2"/><counter type="METHOD" missed="0" covered="1"/></method><method name="edHealthChar" desc="(I)V" line="109"><counter type="INSTRUCTION" missed="4" covered="14"/><counter type="BRANCH" missed="1" covered="3"/><counter type="LINE" missed="1" covered="5"/><counter type="COMPLEXITY" missed="1" covered="2"/><counter type="METHOD" missed="0" covered="1"/></method><method name="resChar" desc="(I)V" line="129"><counter type="INSTRUCTION" missed="3" covered="15"/><counter type="BRANCH" missed="1" covered="3"/><counter type="LINE" missed="1" covered="5"/><counter type="COMPLEXITY" missed="1" covered="2"/><counter type="METHOD" missed="0" covered="1"/></method><method name="emissionChar" desc="(I)V" line="147"><counter type="INSTRUCTION" missed="7" covered="18"/><counter type="BRANCH" missed="2" covered="4"/><counter type="LINE" missed="2" covered="6"/><counter type="COMPLEXITY" missed="2" covered="2"/><counter type="METHOD" missed="0" covered="1"/></method><counter type="INSTRUCTION" missed="39" covered="111"/><counter type="BRANCH" missed="11" covered="23"/><counter type="LINE" missed="11" covered="38"/><counter type="COMPLEXITY" missed="11" covered="14"/><counter type="METHOD" missed="0" covered="8"/><counter type="CLASS" missed="0" covered="1"/></class><class name="mainapp/MinMaX" sourcefilename="MinMaX.java"><method name="&lt;init&gt;" desc="(Ljava/lang/String;)V" line="38"><counter type="INSTRUCTION" missed="0" covered="6"/><counter type="LINE" missed="0" covered="3"/><counter type="COMPLEXITY" missed="0" covered="1"/><counter type="METHOD" missed="0" covered="1"/></method><method name="showMinMax" desc="()V" line="47"><counter type="INSTRUCTION" missed="11" covered="132"/><counter type="BRANCH" missed="3" covered="19"/><counter type="LINE" missed="3" covered="39"/><counter type="COMPLEXITY" missed="3" covered="9"/><counter type="METHOD" missed="0" covered="1"/></method><method name="getMinMax" desc="(II)D" line="124"><counter type="INSTRUCTION" missed="3" covered="53"/><counter type="BRANCH" missed="2" covered="8"/><counter type="LINE" missed="2" covered="17"/><counter type="COMPLEXITY" missed="2" covered="4"/><counter type="METHOD" missed="0" covered="1"/></method><counter type="INSTRUCTION" missed="14" covered="191"/><counter type="BRANCH" missed="5" covered="27"/><counter type="LINE" missed="5" covered="59"/><counter type="COMPLEXITY" missed="5" covered="14"/><counter type="METHOD" missed="0" covered="3"/><counter type="CLASS" missed="0" covered="1"/></class><class name="mainapp/StateWallet" sourcefilename="StateWallet.java"><method name="main" desc="([Ljava/lang/String;)V" line="22"><counter type="INSTRUCTION" missed="14" covered="10"/><counter type="BRANCH" missed="1" covered="1"/><counter type="LINE" missed="4" covered="4"/><counter type="COMPLEXITY" missed="1" covered="1"/><counter type="METHOD" missed="0" covered="1"/></method><counter type="INSTRUCTION" missed="14" covered="10"/><counter type="BRANCH" missed="1" covered="1"/><counter type="LINE" missed="4" covered="4"/><counter type="COMPLEXITY" missed="1" covered="1"/><counter type="METHOD" missed="0" covered="1"/><counter type="CLASS" missed="0" covered="1"/></class><class name="mainapp/Weights" sourcefilename="Weights.java"><method name="&lt;init&gt;" desc="(Ljava/util/Scanner;)V" line="62"><counter type="INSTRUCTION" missed="0" covered="6"/><counter type="LINE" missed="0" covered="3"/><counter type="COMPLEXITY" missed="0" covered="1"/><counter type="METHOD" missed="0" covered="1"/></method><method name="getWeight" desc="()D" line="72"><counter type="INSTRUCTION" missed="14" covered="21"/><counter type="BRANCH" missed="3" covered="3"/><counter type="LINE" missed="5" covered="7"/><counter type="COMPLEXITY" missed="3" covered="1"/><counter type="METHOD" missed="0" covered="1"/></method><method name="showTotalWeights" desc="([DDDD)[D" line="105"><counter type="INSTRUCTION" missed="0" covered="114"/><counter type="BRANCH" missed="0" covered="8"/><counter type="LINE" missed="0" covered="13"/><counter type="COMPLEXITY" missed="0" covered="5"/><counter type="METHOD" missed="0" covered="1"/></method><method name="getAllGrades" desc="([D)V" line="146"><counter type="INSTRUCTION" missed="12" covered="426"/><counter type="BRANCH" missed="1" covered="21"/><counter type="LINE" missed="2" covered="65"/><counter type="COMPLEXITY" missed="1" covered="11"/><counter type="METHOD" missed="0" covered="1"/></method><method name="addWeights" desc="()[D" line="267"><counter type="INSTRUCTION" missed="21" covered="210"/><counter type="BRANCH" missed="6" covered="6"/><counter type="LINE" missed="9" covered="63"/><counter type="COMPLEXITY" missed="6" covered="1"/><counter type="METHOD" missed="0" covered="1"/></method><counter type="INSTRUCTION" missed="47" covered="777"/><counter type="BRANCH" missed="10" covered="38"/><counter type="LINE" missed="16" covered="151"/><counter type="COMPLEXITY" missed="10" covered="19"/><counter type="METHOD" missed="0" covered="5"/><counter type="CLASS" missed="0" covered="1"/></class><class name="mainapp/PercentageUI" sourcefilename="PercentageUI.java"><method name="&lt;init&gt;" desc="(Lmainapp/BudgetManager;Ljava/lang/String;)V" line="65"><counter type="INSTRUCTION" missed="128" covered="0"/><counter type="LINE" missed="26" covered="0"/><counter type="COMPLEXITY" missed="1" covered="0"/><counter type="METHOD" missed="1" covered="0"/></method><method name="lambda$new$0" desc="(Ljavax/swing/JComboBox;Lmainapp/BudgetManager;Ljavax/swing/JTextArea;Ljava/lang/String;Ljava/awt/event/ActionEvent;)V" line="105"><counter type="INSTRUCTION" missed="137" covered="0"/><counter type="BRANCH" missed="8" covered="0"/><counter type="LINE" missed="34" covered="0"/><counter type="COMPLEXITY" missed="5" covered="0"/><counter type="METHOD" missed="1" covered="0"/></method><counter type="INSTRUCTION" missed="265" covered="0"/><counter type="BRANCH" missed="8" covered="0"/><counter type="LINE" missed="60" covered="0"/><counter type="COMPLEXITY" missed="6" covered="0"/><counter type="METHOD" missed="2" covered="0"/><counter type="CLASS" missed="1" covered="0"/></class><class name="mainapp/Log" sourcefilename="Log.java"><method name="&lt;init&gt;" desc="()V" line="9"><counter type="INSTRUCTION" missed="0" covered="3"/><counter type="LINE" missed="0" covered="1"/><counter type="COMPLEXITY" missed="0" covered="1"/><counter type="METHOD" missed="0" covered="1"/></method><method name="logMenu" desc="()Z" line="35"><counter type="INSTRUCTION" missed="4" covered="91"/><counter type="BRANCH" missed="1" covered="11"/><counter type="LINE" missed="1" covered="29"/><counter type="COMPLEXITY" missed="1" covered="6"/><counter type="METHOD" missed="0" covered="1"/></method><method name="handleCreate" desc="(Ljava/util/Scanner;Lmainapp/Accounts;)V" line="72"><counter type="INSTRUCTION" missed="36" covered="44"/><counter type="BRANCH" missed="4" covered="2"/><counter type="LINE" missed="9" covered="15"/><counter type="COMPLEXITY" missed="3" covered="1"/><counter type="METHOD" missed="0" covered="1"/></method><method name="handleLogin" desc="(Ljava/util/Scanner;Lmainapp/Accounts;)Z" line="103"><counter type="INSTRUCTION" missed="3" covered="48"/><counter type="BRANCH" missed="2" covered="6"/><counter type="LINE" missed="1" covered="17"/><counter type="COMPLEXITY" missed="2" covered="3"/><counter type="METHOD" missed="0" covered="1"/></method><method name="handleChange" desc="(Ljava/util/Scanner;Lmainapp/Accounts;)V" line="130"><counter type="INSTRUCTION" missed="3" covered="41"/><counter type="BRANCH" missed="2" covered="2"/><counter type="LINE" missed="1" covered="14"/><counter type="COMPLEXITY" missed="2" covered="1"/><counter type="METHOD" missed="0" covered="1"/></method><counter type="INSTRUCTION" missed="46" covered="227"/><counter type="BRANCH" missed="9" covered="21"/><counter type="LINE" missed="12" covered="76"/><counter type="COMPLEXITY" missed="8" covered="12"/><counter type="METHOD" missed="0" covered="5"/><counter type="CLASS" missed="0" covered="1"/></class><sourcefile name="EnvElemGrades.java"><line nr="6" mi="0" ci="3" mb="0" cb="0"/><line nr="65" mi="0" ci="4" mb="0" cb="2"/><line nr="66" mi="0" ci="2" mb="0" cb="0"/><line nr="67" mi="0" ci="4" mb="0" cb="2"/><line nr="68" mi="0" ci="2" mb="0" cb="0"/><line nr="69" mi="0" ci="4" mb="0" cb="2"/><line nr="70" mi="0" ci="2" mb="0" cb="0"/><line nr="71" mi="0" ci="4" mb="0" cb="2"/><line nr="72" mi="0" ci="2" mb="0" cb="0"/><line nr="73" mi="0" ci="4" mb="0" cb="2"/><line nr="74" mi="0" ci="2" mb="0" cb="0"/><line nr="76" mi="0" ci="2" mb="0" cb="0"/><line nr="87" mi="0" ci="4" mb="0" cb="2"/><line nr="88" mi="0" ci="2" mb="0" cb="0"/><line nr="89" mi="0" ci="4" mb="0" cb="2"/><line nr="90" mi="0" ci="2" mb="0" cb="0"/><line nr="91" mi="0" ci="4" mb="0" cb="2"/><line nr="92" mi="0" ci="2" mb="0" cb="0"/><line nr="93" mi="0" ci="4" mb="0" cb="2"/><line nr="94" mi="0" ci="2" mb="0" cb="0"/><line nr="95" mi="0" ci="4" mb="0" cb="2"/><line nr="96" mi="0" ci="2" mb="0" cb="0"/><line nr="98" mi="0" ci="2" mb="0" cb="0"/><line nr="109" mi="0" ci="4" mb="0" cb="2"/><line nr="110" mi="0" ci="2" mb="0" cb="0"/><line nr="111" mi="0" ci="4" mb="0" cb="2"/><line nr="112" mi="0" ci="2" mb="0" cb="0"/><line nr="113" mi="0" ci="4" mb="0" cb="2"/><line nr="114" mi="0" ci="2" mb="0" cb="0"/><line nr="115" mi="0" ci="4" mb="0" cb="2"/><line nr="116" mi="0" ci="2" mb="0" cb="0"/><line nr="117" mi="0" ci="4" mb="0" cb="2"/><line nr="118" mi="0" ci="2" mb="0" cb="0"/><line nr="120" mi="0" ci="2" mb="0" cb="0"/><line nr="140" mi="0" ci="4" mb="0" cb="0"/><line nr="142" mi="0" ci="4" mb="0" cb="0"/><line nr="143" mi="0" ci="4" mb="0" cb="0"/><line nr="145" mi="0" ci="3" mb="0" cb="0"/><line nr="147" mi="0" ci="4" mb="0" cb="0"/><line nr="148" mi="0" ci="4" mb="0" cb="0"/><line nr="150" mi="0" ci="3" mb="0" cb="0"/><line nr="152" mi="0" ci="4" mb="0" cb="0"/><line nr="153" mi="0" ci="4" mb="0" cb="0"/><line nr="156" mi="0" ci="15" mb="0" cb="0"/><line nr="157" mi="0" ci="8" mb="0" cb="0"/><line nr="159" mi="0" ci="4" mb="0" cb="0"/><line nr="160" mi="0" ci="2" mb="0" cb="0"/><counter type="INSTRUCTION" missed="0" covered="162"/><counter type="BRANCH" missed="0" covered="30"/><counter type="LINE" missed="0" covered="47"/><counter type="COMPLEXITY" missed="0" covered="20"/><counter type="METHOD" missed="0" covered="5"/><counter type="CLASS" missed="0" covered="1"/></sourcefile><sourcefile name="PredictionUI.java"><line nr="69" mi="0" ci="2" mb="0" cb="0"/><line nr="70" mi="0" ci="3" mb="0" cb="0"/><line nr="71" mi="0" ci="3" mb="0" cb="0"/><line nr="72" mi="0" ci="3" mb="0" cb="0"/><line nr="73" mi="0" ci="3" mb="0" cb="0"/><line nr="75" mi="0" ci="5" mb="0" cb="0"/><line nr="76" mi="0" ci="4" mb="0" cb="0"/><line nr="77" mi="0" ci="3" mb="0" cb="0"/><line nr="78" mi="0" ci="3" mb="0" cb="0"/><line nr="79" mi="0" ci="7" mb="0" cb="0"/><line nr="81" mi="0" ci="4" mb="0" cb="0"/><line nr="82" mi="0" ci="3" mb="0" cb="0"/><line nr="83" mi="0" ci="8" mb="0" cb="0"/><line nr="84" mi="0" ci="7" mb="0" cb="0"/><line nr="87" mi="0" ci="5" mb="0" cb="0"/><line nr="88" mi="0" ci="8" mb="0" cb="0"/><line nr="90" mi="0" ci="5" mb="0" cb="0"/><line nr="91" mi="3" ci="0" mb="0" cb="0"/><line nr="93" mi="4" ci="0" mb="2" cb="0"/><line nr="94" mi="5" ci="0" mb="0" cb="0"/><line nr="97" mi="1" ci="0" mb="0" cb="0"/><line nr="101" mi="4" ci="0" mb="0" cb="0"/><line nr="102" mi="2" ci="0" mb="0" cb="0"/><line nr="103" mi="2" ci="0" mb="0" cb="0"/><line nr="104" mi="2" ci="0" mb="0" cb="0"/><line nr="105" mi="2" ci="0" mb="0" cb="0"/><line nr="107" mi="11" ci="0" mb="2" cb="0"/><line nr="108" mi="6" ci="0" mb="0" cb="0"/><line nr="109" mi="5" ci="0" mb="0" cb="0"/><line nr="110" mi="4" ci="0" mb="0" cb="0"/><line nr="111" mi="4" ci="0" mb="0" cb="0"/><line nr="112" mi="6" ci="0" mb="0" cb="0"/><line nr="113" mi="6" ci="0" mb="0" cb="0"/><line nr="114" mi="1" ci="0" mb="0" cb="0"/><line nr="116" mi="16" ci="0" mb="0" cb="0"/><line nr="118" mi="8" ci="0" mb="0" cb="0"/><line nr="119" mi="6" ci="0" mb="0" cb="0"/><line nr="121" mi="4" ci="0" mb="0" cb="0"/><line nr="122" mi="4" ci="0" mb="0" cb="0"/><line nr="123" mi="9" ci="0" mb="0" cb="0"/><line nr="124" mi="19" ci="0" mb="0" cb="0"/><line nr="125" mi="1" ci="0" mb="0" cb="0"/><line nr="126" mi="4" ci="0" mb="0" cb="0"/><line nr="127" mi="10" ci="0" mb="0" cb="0"/><line nr="128" mi="2" ci="0" mb="0" cb="0"/><line nr="129" mi="4" ci="0" mb="0" cb="0"/><line nr="130" mi="9" ci="0" mb="0" cb="0"/><line nr="131" mi="8" ci="0" mb="2" cb="0"/><line nr="133" mi="4" ci="0" mb="0" cb="0"/><line nr="134" mi="1" ci="0" mb="0" cb="0"/><line nr="136" mi="0" ci="8" mb="0" cb="0"/><line nr="138" mi="0" ci="7" mb="0" cb="0"/><line nr="139" mi="0" ci="4" mb="0" cb="0"/><line nr="140" mi="0" ci="1" mb="0" cb="0"/><line nr="143" mi="4" ci="0" mb="0" cb="0"/><line nr="144" mi="7" ci="0" mb="2" cb="0"/><line nr="145" mi="3" ci="0" mb="0" cb="0"/><line nr="146" mi="5" ci="0" mb="0" cb="0"/><line nr="148" mi="9" ci="0" mb="0" cb="0"/><line nr="150" mi="4" ci="0" mb="2" cb="0"/><line nr="151" mi="7" ci="0" mb="0" cb="0"/><line nr="154" mi="2" ci="0" mb="0" cb="0"/><counter type="INSTRUCTION" missed="218" covered="96"/><counter type="BRANCH" missed="10" covered="0"/><counter type="LINE" missed="41" covered="21"/><counter type="COMPLEXITY" missed="8" covered="1"/><counter type="METHOD" missed="3" covered="1"/><counter type="CLASS" missed="0" covered="1"/></sourcefile><sourcefile name="AiAdvisorDialog.java"><line nr="126" mi="0" ci="5" mb="0" cb="0"/><line nr="127" mi="0" ci="3" mb="0" cb="0"/><line nr="128" mi="0" ci="5" mb="0" cb="0"/><line nr="130" mi="0" ci="4" mb="0" cb="0"/><line nr="131" mi="0" ci="3" mb="0" cb="0"/><line nr="132" mi="0" ci="7" mb="0" cb="0"/><line nr="134" mi="0" ci="5" mb="0" cb="0"/><line nr="135" mi="0" ci="1" mb="0" cb="0"/><line nr="147" mi="0" ci="5" mb="0" cb="0"/><line nr="148" mi="0" ci="9" mb="0" cb="0"/><line nr="151" mi="0" ci="9" mb="0" cb="0"/><line nr="153" mi="0" ci="7" mb="0" cb="0"/><line nr="156" mi="0" ci="7" mb="0" cb="0"/><line nr="157" mi="0" ci="4" mb="0" cb="0"/><line nr="158" mi="0" ci="4" mb="0" cb="0"/><line nr="159" mi="0" ci="9" mb="0" cb="0"/><line nr="161" mi="0" ci="5" mb="0" cb="0"/><line nr="163" mi="0" ci="4" mb="0" cb="0"/><line nr="166" mi="0" ci="8" mb="0" cb="0"/><line nr="168" mi="0" ci="5" mb="0" cb="0"/><line nr="169" mi="0" ci="8" mb="0" cb="0"/><line nr="170" mi="4" ci="4" mb="0" cb="0"/><line nr="171" mi="0" ci="4" mb="0" cb="0"/><line nr="173" mi="0" ci="8" mb="0" cb="0"/><line nr="174" mi="0" ci="4" mb="0" cb="0"/><line nr="177" mi="0" ci="9" mb="0" cb="0"/><line nr="179" mi="0" ci="7" mb="0" cb="0"/><line nr="182" mi="0" ci="9" mb="1" cb="3"/><line nr="184" mi="0" ci="2" mb="0" cb="2"/><line nr="185" mi="0" ci="11" mb="0" cb="0"/><line nr="187" mi="0" ci="6" mb="0" cb="0"/><line nr="188" mi="0" ci="6" mb="0" cb="0"/><line nr="189" mi="0" ci="6" mb="0" cb="0"/><line nr="191" mi="0" ci="5" mb="0" cb="0"/><line nr="192" mi="0" ci="5" mb="0" cb="0"/><line nr="193" mi="0" ci="5" mb="0" cb="0"/><line nr="195" mi="0" ci="7" mb="0" cb="0"/><line nr="196" mi="0" ci="4" mb="0" cb="0"/><line nr="197" mi="0" ci="4" mb="0" cb="0"/><line nr="198" mi="0" ci="9" mb="0" cb="0"/><line nr="200" mi="0" ci="5" mb="0" cb="0"/><line nr="203" mi="0" ci="9" mb="0" cb="0"/><line nr="205" mi="0" ci="4" mb="0" cb="0"/><line nr="206" mi="0" ci="8" mb="0" cb="0"/><line nr="209" mi="0" ci="8" mb="0" cb="0"/><line nr="211" mi="0" ci="5" mb="0" cb="0"/><line nr="212" mi="0" ci="8" mb="0" cb="0"/><line nr="213" mi="4" ci="4" mb="0" cb="0"/><line nr="214" mi="0" ci="4" mb="0" cb="0"/><line nr="216" mi="0" ci="4" mb="0" cb="0"/><line nr="217" mi="0" ci="4" mb="0" cb="0"/><line nr="219" mi="0" ci="1" mb="0" cb="0"/><line nr="220" mi="0" ci="4" mb="0" cb="0"/><line nr="221" mi="0" ci="7" mb="0" cb="0"/><line nr="223" mi="0" ci="5" mb="0" cb="0"/><line nr="224" mi="0" ci="8" mb="0" cb="0"/><line nr="225" mi="0" ci="3" mb="0" cb="0"/><line nr="226" mi="0" ci="3" mb="0" cb="0"/><line nr="228" mi="0" ci="5" mb="0" cb="0"/><line nr="230" mi="0" ci="3" mb="0" cb="0"/><line nr="232" mi="0" ci="5" mb="0" cb="0"/><line nr="234" mi="0" ci="3" mb="0" cb="0"/><line nr="236" mi="0" ci="4" mb="0" cb="0"/><line nr="237" mi="0" ci="4" mb="0" cb="0"/><line nr="238" mi="0" ci="5" mb="0" cb="0"/><line nr="239" mi="0" ci="4" mb="0" cb="0"/><line nr="240" mi="0" ci="4" mb="0" cb="0"/><line nr="241" mi="0" ci="4" mb="0" cb="0"/><line nr="243" mi="0" ci="4" mb="0" cb="0"/><line nr="246" mi="0" ci="5" mb="0" cb="0"/><line nr="247" mi="0" ci="5" mb="0" cb="0"/><line nr="250" mi="0" ci="5" mb="0" cb="0"/><line nr="251" mi="0" ci="4" mb="0" cb="0"/><line nr="252" mi="0" ci="4" mb="0" cb="0"/><line nr="254" mi="0" ci="4" mb="0" cb="0"/><line nr="255" mi="0" ci="3" mb="0" cb="0"/><line nr="256" mi="0" ci="3" mb="0" cb="0"/><line nr="258" mi="0" ci="3" mb="0" cb="0"/><line nr="259" mi="0" ci="3" mb="0" cb="0"/><line nr="260" mi="0" ci="3" mb="0" cb="0"/><line nr="262" mi="0" ci="4" mb="0" cb="0"/><line nr="263" mi="0" ci="5" mb="0" cb="0"/><line nr="265" mi="0" ci="6" mb="0" cb="0"/><line nr="266" mi="0" ci="4" mb="0" cb="0"/><line nr="268" mi="0" ci="7" mb="0" cb="0"/><line nr="270" mi="0" ci="7" mb="0" cb="0"/><line nr="271" mi="0" ci="4" mb="0" cb="0"/><line nr="273" mi="0" ci="8" mb="0" cb="0"/><line nr="274" mi="0" ci="5" mb="0" cb="0"/><line nr="275" mi="0" ci="8" mb="0" cb="0"/><line nr="276" mi="3" ci="4" mb="0" cb="0"/><line nr="277" mi="0" ci="4" mb="0" cb="0"/><line nr="279" mi="0" ci="4" mb="0" cb="0"/><line nr="281" mi="0" ci="5" mb="0" cb="0"/><line nr="282" mi="0" ci="4" mb="0" cb="0"/><line nr="284" mi="0" ci="5" mb="1" cb="1"/><line nr="285" mi="0" ci="2" mb="0" cb="2"/><line nr="286" mi="0" ci="5" mb="0" cb="0"/><line nr="288" mi="0" ci="4" mb="0" cb="0"/><line nr="291" mi="0" ci="1" mb="0" cb="0"/><line nr="295" mi="0" ci="4" mb="0" cb="0"/><line nr="296" mi="0" ci="4" mb="0" cb="0"/><line nr="297" mi="0" ci="3" mb="0" cb="0"/><line nr="298" mi="0" ci="3" mb="0" cb="0"/><line nr="299" mi="0" ci="8" mb="0" cb="0"/><line nr="300" mi="0" ci="3" mb="0" cb="0"/><line nr="301" mi="0" ci="8" mb="0" cb="0"/><line nr="302" mi="0" ci="2" mb="0" cb="0"/><line nr="311" mi="4" ci="0" mb="0" cb="0"/><line nr="314" mi="4" ci="0" mb="0" cb="0"/><line nr="316" mi="14" ci="0" mb="0" cb="0"/><line nr="320" mi="5" ci="0" mb="2" cb="0"/><line nr="321" mi="6" ci="0" mb="0" cb="0"/><line nr="322" mi="3" ci="0" mb="2" cb="0"/><line nr="323" mi="2" ci="0" mb="0" cb="0"/><line nr="325" mi="9" ci="0" mb="0" cb="0"/><line nr="327" mi="4" ci="0" mb="2" cb="0"/><line nr="328" mi="8" ci="0" mb="0" cb="0"/><line nr="329" mi="4" ci="0" mb="2" cb="0"/><line nr="330" mi="8" ci="0" mb="0" cb="0"/><line nr="331" mi="4" ci="0" mb="2" cb="0"/><line nr="332" mi="8" ci="0" mb="0" cb="0"/><line nr="334" mi="3" ci="0" mb="2" cb="0"/><line nr="335" mi="2" ci="0" mb="0" cb="0"/><line nr="339" mi="3" ci="0" mb="0" cb="0"/><line nr="340" mi="11" ci="0" mb="0" cb="0"/><line nr="342" mi="1" ci="0" mb="0" cb="0"/><line nr="343" mi="2" ci="0" mb="0" cb="0"/><line nr="351" mi="4" ci="0" mb="0" cb="0"/><line nr="352" mi="5" ci="0" mb="0" cb="0"/><line nr="353" mi="5" ci="0" mb="0" cb="0"/><line nr="354" mi="1" ci="0" mb="0" cb="0"/><line nr="355" mi="5" ci="0" mb="0" cb="0"/><line nr="356" mi="2" ci="0" mb="0" cb="0"/><line nr="358" mi="4" ci="0" mb="0" cb="0"/><line nr="360" mi="1" ci="0" mb="0" cb="0"/><line nr="361" mi="1" ci="0" mb="0" cb="0"/><line nr="362" mi="1" ci="0" mb="0" cb="0"/><counter type="INSTRUCTION" missed="145" covered="544"/><counter type="BRANCH" missed="14" covered="8"/><counter type="LINE" missed="30" covered="108"/><counter type="COMPLEXITY" missed="15" covered="6"/><counter type="METHOD" missed="7" covered="3"/><counter type="CLASS" missed="1" covered="1"/></sourcefile><sourcefile name="AiBridge.java"><line nr="22" mi="0" ci="3" mb="0" cb="0"/><line nr="50" mi="0" ci="3" mb="0" cb="0"/><line nr="53" mi="0" ci="19" mb="0" cb="0"/><line nr="61" mi="0" ci="7" mb="1" cb="1"/><line nr="62" mi="6" ci="0" mb="0" cb="0"/><line nr="66" mi="0" ci="16" mb="0" cb="2"/><line nr="67" mi="0" ci="6" mb="0" cb="0"/><line nr="68" mi="0" ci="3" mb="1" cb="1"/><line
[...]
cb="0"/><line nr="300" mi="1" ci="0" mb="0" cb="0"/><line nr="302" mi="3" ci="0" mb="0" cb="0"/><line nr="303" mi="1" ci="0" mb="0" cb="0"/><line nr="308" mi="4" ci="0" mb="0" cb="0"/><line nr="309" mi="5" ci="0" mb="0" cb="0"/><line nr="311" mi="7" ci="0" mb="0" cb="0"/><line nr="314" mi="4" ci="0" mb="2" cb="0"/><line nr="315" mi="3" ci="0" mb="0" cb="0"/><line nr="316" mi="1" ci="0" mb="0" cb="0"/><line nr="319" mi="3" ci="0" mb="0" cb="0"/><line nr="320" mi="5" ci="0" mb="0" cb="0"/><line nr="322" mi="5" ci="0" mb="0" cb="0"/><line nr="324" mi="4" ci="0" mb="2" cb="0"/><line nr="325" mi="3" ci="0" mb="0" cb="0"/><line nr="326" mi="3" ci="0" mb="0" cb="0"/><line nr="327" mi="4" ci="0" mb="0" cb="0"/><line nr="328" mi="4" ci="0" mb="0" cb="0"/><line nr="329" mi="3" ci="0" mb="2" cb="0"/><line nr="330" mi="1" ci="0" mb="0" cb="0"/><line nr="334" mi="5" ci="0" mb="0" cb="0"/><line nr="335" mi="5" ci="0" mb="0" cb="0"/><line nr="336" mi="8" ci="0" mb="2" cb="0"/><line nr="337" mi="3" ci="0" mb="0" cb="0"/><line nr="338" mi="3" ci="0" mb="0" cb="0"/><line nr="339" mi="4" ci="0" mb="0" cb="0"/><line nr="340" mi="4" ci="0" mb="0" cb="0"/><line nr="341" mi="3" ci="0" mb="2" cb="0"/><line nr="342" mi="1" ci="0" mb="0" cb="0"/><line nr="346" mi="8" ci="0" mb="0" cb="0"/><line nr="349" mi="2" ci="0" mb="2" cb="0"/><line nr="350" mi="4" ci="0" mb="0" cb="0"/><line nr="352" mi="3" ci="0" mb="0" cb="0"/><line nr="355" mi="1" ci="0" mb="0" cb="0"/><line nr="356" mi="3" ci="0" mb="0" cb="0"/><line nr="357" mi="1" ci="0" mb="0" cb="0"/><line nr="358" mi="1" ci="0" mb="0" cb="0"/><line nr="365" mi="0" ci="3" mb="0" cb="0"/><line nr="366" mi="0" ci="3" mb="0" cb="0"/><line nr="367" mi="0" ci="3" mb="0" cb="0"/><line nr="368" mi="0" ci="3" mb="0" cb="0"/><line nr="369" mi="0" ci="3" mb="0" cb="0"/><line nr="370" mi="0" ci="3" mb="0" cb="0"/><line nr="371" mi="0" ci="3" mb="0" cb="0"/><line nr="373" mi="0" ci="4" mb="0" cb="0"/><line nr="374" mi="0" ci="4" mb="0" cb="0"/><line nr="375" mi="0" ci="2" mb="5" cb="1"/><line nr="377" mi="0" ci="5" mb="0" cb="0"/><line nr="378" mi="0" ci="1" mb="0" cb="0"/><line nr="380" mi="5" ci="0" mb="0" cb="0"/><line nr="381" mi="1" ci="0" mb="0" cb="0"/><line nr="383" mi="5" ci="0" mb="0" cb="0"/><line nr="384" mi="1" ci="0" mb="0" cb="0"/><line nr="386" mi="5" ci="0" mb="0" cb="0"/><line nr="387" mi="1" ci="0" mb="0" cb="0"/><line nr="389" mi="5" ci="0" mb="0" cb="0"/><line nr="390" mi="1" ci="0" mb="0" cb="0"/><line nr="392" mi="3" ci="0" mb="0" cb="0"/><line nr="393" mi="1" ci="0" mb="0" cb="0"/><line nr="396" mi="0" ci="4" mb="0" cb="0"/><line nr="398" mi="0" ci="13" mb="0" cb="0"/><line nr="399" mi="0" ci="11" mb="0" cb="0"/><line nr="400" mi="0" ci="2" mb="0" cb="0"/><line nr="401" mi="0" ci="1" mb="0" cb="0"/><line nr="407" mi="3" ci="0" mb="0" cb="0"/><line nr="408" mi="2" ci="0" mb="0" cb="0"/><line nr="410" mi="4" ci="0" mb="0" cb="0"/><line nr="411" mi="2" ci="0" mb="4" cb="0"/><line nr="413" mi="2" ci="0" mb="0" cb="0"/><line nr="414" mi="1" ci="0" mb="0" cb="0"/><line nr="416" mi="2" ci="0" mb="0" cb="0"/><line nr="417" mi="1" ci="0" mb="0" cb="0"/><line nr="419" mi="2" ci="0" mb="0" cb="0"/><line nr="420" mi="1" ci="0" mb="0" cb="0"/><line nr="421" mi="3" ci="0" mb="0" cb="0"/><line nr="423" mi="2" ci="0" mb="2" cb="0"/><line nr="425" mi="5" ci="0" mb="0" cb="0"/><line nr="426" mi="3" ci="0" mb="0" cb="0"/><line nr="427" mi="4" ci="0" mb="0" cb="0"/><line nr="429" mi="3" ci="0" mb="2" cb="0"/><line nr="431" mi="3" ci="0" mb="0" cb="0"/><line nr="432" mi="4" ci="0" mb="0" cb="0"/><line nr="433" mi="4" ci="0" mb="0" cb="0"/><line nr="434" mi="6" ci="0" mb="0" cb="0"/><line nr="435" mi="5" ci="0" mb="0" cb="0"/><line nr="437" mi="8" ci="0" mb="0" cb="0"/><line nr="438" mi="11" ci="0" mb="0" cb="0"/><line nr="439" mi="1" ci="0" mb="0" cb="0"/><line nr="440" mi="3" ci="0" mb="0" cb="0"/><line nr="441" mi="1" ci="0" mb="0" cb="0"/><line nr="443" mi="4" ci="0" mb="2" cb="0"/><line nr="444" mi="6" ci="0" mb="0" cb="0"/><line nr="446" mi="1" ci="0" mb="0" cb="0"/><line nr="472" mi="2" ci="0" mb="0" cb="0"/><line nr="473" mi="4" ci="0" mb="0" cb="0"/><line nr="474" mi="3" ci="0" mb="0" cb="0"/><line nr="475" mi="5" ci="0" mb="0" cb="0"/><line nr="477" mi="3" ci="0" mb="2" cb="0"/><line nr="478" mi="4" ci="0" mb="0" cb="0"/><line nr="480" mi="1" ci="0" mb="0" cb="0"/><line nr="481" mi="5" ci="0" mb="0" cb="0"/><line nr="482" mi="1" ci="0" mb="0" cb="0"/><line nr="483" mi="1" ci="0" mb="0" cb="0"/><line nr="485" mi="3" ci="0" mb="0" cb="0"/><line nr="486" mi="3" ci="0" mb="0" cb="0"/><line nr="488" mi="4" ci="0" mb="0" cb="0"/><line nr="489" mi="3" ci="0" mb="0" cb="0"/><line nr="490" mi="5" ci="0" mb="0" cb="0"/><line nr="492" mi="2" ci="0" mb="0" cb="0"/><line nr="493" mi="3" ci="0" mb="2" cb="0"/><line nr="494" mi="6" ci="0" mb="0" cb="0"/><line nr="495" mi="6" ci="0" mb="0" cb="0"/><line nr="496" mi="2" ci="0" mb="0" cb="0"/><line nr="498" mi="4" ci="0" mb="0" cb="0"/><line nr="499" mi="1" ci="0" mb="0" cb="0"/><line nr="500" mi="5" ci="0" mb="0" cb="0"/><line nr="501" mi="1" ci="0" mb="0" cb="0"/><line nr="503" mi="4" ci="0" mb="0" cb="0"/><line nr="504" mi="3" ci="0" mb="0" cb="0"/><line nr="505" mi="8" ci="0" mb="2" cb="0"/><line nr="506" mi="8" ci="0" mb="0" cb="0"/><line nr="507" mi="6" ci="0" mb="0" cb="0"/><line nr="508" mi="11" ci="0" mb="0" cb="0"/><line nr="509" mi="4" ci="0" mb="0" cb="0"/><line nr="511" mi="4" ci="0" mb="0" cb="0"/><line nr="512" mi="4" ci="0" mb="0" cb="0"/><line nr="513" mi="1" ci="0" mb="0" cb="0"/><line nr="532" mi="0" ci="3" mb="0" cb="0"/><line nr="533" mi="0" ci="3" mb="0" cb="0"/><line nr="534" mi="0" ci="4" mb="0" cb="0"/><line nr="535" mi="0" ci="4" mb="0" cb="0"/><line nr="540" mi="0" ci="2" mb="4" cb="1"/><line nr="542" mi="0" ci="2" mb="0" cb="0"/><line nr="543" mi="0" ci="2" mb="0" cb="0"/><line nr="544" mi="0" ci="1" mb="0" cb="0"/><line nr="546" mi="2" ci="0" mb="0" cb="0"/><line nr="547" mi="2" ci="0" mb="0" cb="0"/><line nr="548" mi="1" ci="0" mb="0" cb="0"/><line nr="550" mi="2" ci="0" mb="0" cb="0"/><line nr="551" mi="2" ci="0" mb="0" cb="0"/><line nr="552" mi="1" ci="0" mb="0" cb="0"/><line nr="554" mi="2" ci="0" mb="0" cb="0"/><line nr="555" mi="2" ci="0" mb="0" cb="0"/><line nr="556" mi="1" ci="0" mb="0" cb="0"/><line nr="558" mi="3" ci="0" mb="0" cb="0"/><line nr="559" mi="1" ci="0" mb="0" cb="0"/><line nr="563" mi="0" ci="4" mb="0" cb="0"/><line nr="564" mi="0" ci="4" mb="1" cb="1"/><line nr="565" mi="3" ci="0" mb="0" cb="0"/><line nr="566" mi="4" ci="0" mb="0" cb="0"/><line nr="567" mi="1" ci="0" mb="0" cb="0"/><line nr="569" mi="0" ci="4" mb="0" cb="0"/><line nr="570" mi="0" ci="4" mb="0" cb="0"/><line nr="572" mi="0" ci="7" mb="0" cb="0"/><line nr="573" mi="0" ci="7" mb="0" cb="0"/><line nr="575" mi="4" ci="2" mb="3" cb="1"/><line nr="576" mi="0" ci="3" mb="0" cb="0"/><line nr="577" mi="0" ci="1" mb="0" cb="0"/><line nr="580" mi="4" ci="0" mb="0" cb="0"/><line nr="581" mi="11" ci="0" mb="0" cb="0"/><line nr="582" mi="3" ci="0" mb="0" cb="0"/><line nr="583" mi="4" ci="0" mb="0" cb="0"/><line nr="585" mi="3" ci="0" mb="0" cb="0"/><line nr="586" mi="4" ci="0" mb="0" cb="0"/><line nr="587" mi="9" ci="0" mb="0" cb="0"/><line nr="589" mi="1" ci="0" mb="0" cb="0"/><line nr="603" mi="3" ci="0" mb="0" cb="0"/><line nr="604" mi="3" ci="0" mb="0" cb="0"/><line nr="605" mi="4" ci="0" mb="0" cb="0"/><line nr="607" mi="3" ci="0" mb="0" cb="0"/><line nr="608" mi="4" ci="0" mb="0" cb="0"/><line nr="609" mi="7" ci="0" mb="0" cb="0"/><line nr="610" mi="1" ci="0" mb="0" cb="0"/><line nr="621" mi="3" ci="0" mb="0" cb="0"/><line nr="622" mi="3" ci="0" mb="0" cb="0"/><line nr="625" mi="4" ci="0" mb="0" cb="0"/><line nr="626" mi="4" ci="0" mb="0" cb="0"/><line nr="627" mi="1" ci="0" mb="0" cb="0"/><line nr="628" mi="3" ci="0" mb="0" cb="0"/><line nr="629" mi="4" ci="0" mb="0" cb="0"/><line nr="630" mi="1" ci="0" mb="0" cb="0"/><line nr="631" mi="1" ci="0" mb="0" cb="0"/><line nr="636" mi="2" ci="0" mb="6" cb="0"/><line nr="638" mi="2" ci="0" mb="0" cb="0"/><line nr="639" mi="2" ci="0" mb="0" cb="0"/><line nr="640" mi="1" ci="0" mb="0" cb="0"/><line nr="642" mi="2" ci="0" mb="0" cb="0"/><line nr="643" mi="2" ci="0" mb="0" cb="0"/><line nr="644" mi="1" ci="0" mb="0" cb="0"/><line nr="646" mi="2" ci="0" mb="0" cb="0"/><line nr="647" mi="2" ci="0" mb="0" cb="0"/><line nr="648" mi="1" ci="0" mb="0" cb="0"/><line nr="650" mi="2" ci="0" mb="0" cb="0"/><line nr="651" mi="2" ci="0" mb="0" cb="0"/><line nr="652" mi="1" ci="0" mb="0" cb="0"/><line nr="654" mi="2" ci="0" mb="0" cb="0"/><line nr="655" mi="2" ci="0" mb="0" cb="0"/><line nr="656" mi="1" ci="0" mb="0" cb="0"/><line nr="658" mi="3" ci="0" mb="0" cb="0"/><line nr="659" mi="1" ci="0" mb="0" cb="0"/><line nr="663" mi="4" ci="0" mb="0" cb="0"/><line nr="666" mi="5" ci="0" mb="0" cb="0"/><line nr="667" mi="1" ci="0" mb="0" cb="0"/><line nr="668" mi="3" ci="0" mb="0" cb="0"/><line nr="669" mi="1" ci="0" mb="0" cb="0"/><line nr="670" mi="1" ci="0" mb="0" cb="0"/><line nr="672" mi="6" ci="0" mb="0" cb="0"/><line nr="674" mi="4" ci="0" mb="2" cb="0"/><line nr="675" mi="3" ci="0" mb="0" cb="0"/><line nr="676" mi="1" ci="0" mb="0" cb="0"/><line nr="679" mi="3" ci="0" mb="0" cb="0"/><line nr="680" mi="1" ci="0" mb="0" cb="0"/><line nr="710" mi="3" ci="0" mb="0" cb="0"/><line nr="711" mi="4" ci="0" mb="0" cb="0"/><line nr="712" mi="4" ci="0" mb="0" cb="0"/><line nr="714" mi="7" ci="0" mb="2" cb="0"/><line nr="715" mi="3" ci="0" mb="0" cb="0"/><line nr="716" mi="3" ci="0" mb="0" cb="0"/><line nr="717" mi="2" ci="0" mb="0" cb="0"/><line nr="719" mi="4" ci="0" mb="2" cb="0"/><line nr="721" mi="2" ci="0" mb="0" cb="0"/><line nr="722" mi="5" ci="0" mb="0" cb="0"/><line nr="724" mi="2" ci="0" mb="0" cb="0"/><line nr="725" mi="2" ci="0" mb="0" cb="0"/><line nr="726" mi="1" ci="0" mb="0" cb="0"/><line nr="727" mi="4" ci="0" mb="0" cb="0"/><line nr="728" mi="1" ci="0" mb="0" cb="0"/><line nr="729" mi="1" ci="0" mb="0" cb="0"/><line nr="732" mi="5" ci="0" mb="0" cb="0"/><line nr="733" mi="6" ci="0" mb="0" cb="0"/><line nr="736" mi="4" ci="0" mb="2" cb="0"/><line nr="737" mi="7" ci="0" mb="0" cb="0"/><line nr="738" mi="17" ci="0" mb="0" cb="0"/><line nr="740" mi="11" ci="0" mb="0" cb="0"/><line nr="743" mi="2" ci="0" mb="2" cb="0"/><line nr="745" mi="6" ci="0" mb="0" cb="0"/><line nr="746" mi="1" ci="0" mb="0" cb="0"/><line nr="748" mi="1" ci="0" mb="0" cb="0"/><line nr="751" mi="2" ci="0" mb="0" cb="0"/><line nr="774" mi="4" ci="0" mb="0" cb="0"/><line nr="775" mi="2" ci="0" mb="0" cb="0"/><line nr="776" mi="2" ci="0" mb="0" cb="0"/><line nr="777" mi="2" ci="0" mb="0" cb="0"/><line nr="778" mi="2" ci="0" mb="0" cb="0"/><line nr="780" mi="11" ci="0" mb="2" cb="0"/><line nr="781" mi="6" ci="0" mb="0" cb="0"/><line nr="782" mi="5" ci="0" mb="0" cb="0"/><line nr="783" mi="4" ci="0" mb="0" cb="0"/><line nr="784" mi="4" ci="0" mb="0" cb="0"/><line nr="785" mi="6" ci="0" mb="0" cb="0"/><line nr="786" mi="6" ci="0" mb="0" cb="0"/><line nr="787" mi="1" ci="0" mb="0" cb="0"/><line nr="789" mi="16" ci="0" mb="0" cb="0"/><line nr="791" mi="8" ci="0" mb="0" cb="0"/><line nr="792" mi="6" ci="0" mb="0" cb="0"/><line nr="794" mi="3" ci="0" mb="0" cb="0"/><line nr="795" mi="11" ci="0" mb="0" cb="0"/><line nr="797" mi="9" ci="0" mb="0" cb="0"/><line nr="798" mi="4" ci="0" mb="2" cb="0"/><line nr="799" mi="12" ci="0" mb="0" cb="0"/><line nr="801" mi="11" ci="0" mb="0" cb="0"/><line nr="803" mi="3" ci="0" mb="0" cb="0"/><line nr="804" mi="1" ci="0" mb="0" cb="0"/><counter type="INSTRUCTION" missed="1048" covered="286"/><counter type="BRANCH" missed="87" covered="11"/><counter type="LINE" missed="298" covered="90"/><counter type="COMPLEXITY" missed="71" covered="11"/><counter type="METHOD" missed="8" covered="7"/><counter type="CLASS" missed="0" covered="1"/></sourcefile><sourcefile name="PercentageUI.java"><line nr="65" mi="2" ci="0" mb="0" cb="0"/><line nr="66" mi="3" ci="0" mb="0" cb="0"/><line nr="67" mi="4" ci="0" mb="0" cb="0"/><line nr="68" mi="3" ci="0" mb="0" cb="0"/><line nr="69" mi="3" ci="0" mb="0" cb="0"/><line nr="70" mi="7" ci="0" mb="0" cb="0"/><line nr="73" mi="7" ci="0" mb="0" cb="0"/><line nr="74" mi="7" ci="0" mb="0" cb="0"/><line nr="77" mi="4" ci="0" mb="0" cb="0"/><line nr="80" mi="7" ci="0" mb="0" cb="0"/><line nr="81" mi="7" ci="0" mb="0" cb="0"/><line nr="82" mi="7" ci="0" mb="0" cb="0"/><line nr="83" mi="7" ci="0" mb="0" cb="0"/><line nr="84" mi="7" ci="0" mb="0" cb="0"/><line nr="87" mi="4" ci="0" mb="0" cb="0"/><line nr="90" mi="5" ci="0" mb="0" cb="0"/><line nr="91" mi="4" ci="0" mb="0" cb="0"/><line nr="93" mi="4" ci="0" mb="0" cb="0"/><line nr="96" mi="4" ci="0" mb="0" cb="0"/><line nr="97" mi="8" ci="0" mb="0" cb="0"/><line nr="98" mi="3" ci="0" mb="0" cb="0"/><line nr="99" mi="5" ci="0" mb="0" cb="0"/><line nr="100" mi="4" ci="0" mb="0" cb="0"/><line nr="103" mi="8" ci="0" mb="0" cb="0"/><line nr="105" mi="1" ci="0" mb="0" cb="0"/><line nr="106" mi="3" ci="0" mb="0" cb="0"/><line nr="108" mi="2" ci="0" mb="2" cb="0"/><line nr="109" mi="1" ci="0" mb="0" cb="0"/><line nr="113" mi="3" ci="0" mb="0" cb="0"/><line nr="115" mi="4" ci="0" mb="0" cb="0"/><line nr="116" mi="4" ci="0" mb="0" cb="0"/><line nr="118" mi="4" ci="0" mb="2" cb="0"/><line nr="119" mi="3" ci="0" mb="0" cb="0"/><line nr="121" mi="1" ci="0" mb="0" cb="0"/><line nr="124" mi="3" ci="0" mb="0" cb="0"/><line nr="126" mi="3" ci="0" mb="0" cb="0"/><line nr="127" mi="3" ci="0" mb="0" cb="0"/><line nr="128" mi="4" ci="0" mb="0" cb="0"/><line nr="130" mi="4" ci="0" mb="0" cb="0"/><line nr="131" mi="19" ci="0" mb="0" cb="0"/><line nr="133" mi="8" ci="0" mb="0" cb="0"/><line nr="135" mi="3" ci="0" mb="2" cb="0"/><line nr="136" mi="4" ci="0" mb="0" cb="0"/><line nr="137" mi="4" ci="0" mb="0" cb="0"/><line nr="138" mi="6" ci="0" mb="0" cb="0"/><line nr="142" mi="4" ci="0" mb="2" cb="0"/><line nr="143" mi="7" ci="0" mb="0" cb="0"/><line nr="145" mi="2" ci="0" mb="0" cb="0"/><line nr="148" mi="14" ci="0" mb="0" cb="0"/><line nr="149" mi="7" ci="0" mb="0" cb="0"/><line nr="150" mi="1" ci="0" mb="0" cb="0"/><line nr="152" mi="4" ci="0" mb="0" cb="0"/><line nr="153" mi="3" ci="0" mb="0" cb="0"/><line nr="155" mi="1" ci="0" mb="0" cb="0"/><line nr="156" mi="3" ci="0" mb="0" cb="0"/><line nr="157" mi="2" ci="0" mb="0" cb="0"/><line nr="158" mi="1" ci="0" mb="0" cb="0"/><line nr="159" mi="1" ci="0" mb="0" cb="0"/><line nr="161" mi="3" ci="0" mb="0" cb="0"/><line nr="162" mi="1" ci="0" mb="0" cb="0"/><line nr="181" mi="2" ci="0" mb="0" cb="0"/><line nr="182" mi="3" ci="0" mb="0" cb="0"/><line nr="183" mi="3" ci="0" mb="0" cb="0"/><line nr="184" mi="1" ci="0" mb="0" cb="0"/><line nr="192" mi="3" ci="0" mb="0" cb="0"/><line nr="197" mi="3" ci="0" mb="0" cb="0"/><counter type="INSTRUCTION" missed="280" covered="0"/><counter type="BRANCH" missed="8" covered="0"/><counter type="LINE" missed="66" covered="0"/><counter type="COMPLEXITY" missed="9" covered="0"/><counter type="METHOD" missed="5" covered="0"/><counter type="CLASS" missed="2" covered="0"/></sourcefile><sourcefile name="StateWalletLauncher.java"><line nr="81" mi="0" ci="7" mb="0" cb="0"/><line nr="83" mi="0" ci="8" mb="0" cb="0"/><line nr="97" mi="0" ci="2" mb="0" cb="0"/><line nr="99" mi="0" ci="3" mb="0" cb="0"/><line nr="100" mi="0" ci="4" mb="0" cb="0"/><line nr="101" mi="0" ci="3" mb="0" cb="0"/><line nr="102" mi="0" ci="3" mb="0" cb="0"/><line nr="103" mi="0" ci="3" mb="0" cb="0"/><line nr="105" mi="0" ci="4" mb="0" cb="0"/><line nr="106" mi="0" ci="7" mb="0" cb="0"/><line nr="107" mi="0" ci="3" mb="0" cb="0"/><line nr="108" mi="0" ci="9" mb="0" cb="0"/><line nr="111" mi="0" ci="15" mb="0" cb="0"/><line nr="115" mi="0" ci="15" mb="0" cb="0"/><line nr="119" mi="0" ci="15" mb="0" cb="0"/><line nr="123" mi="0" ci="23" mb="0" cb="0"/><line nr="125" mi="0" ci="8" mb="0" cb="0"/><line nr="126" mi="0" ci="4" mb="0" cb="0"/><line nr="127" mi="0" ci="13" mb="0" cb="0"/><line nr="131" mi="0" ci="6" mb="0" cb="0"/><line nr="132" mi="0" ci="4" mb="0" cb="0"/><line nr="133" mi="0" ci="4" mb="0" cb="0"/><line nr="134" mi="0" ci="4" mb="0" cb="0"/><line nr="135" mi="0" ci="8" mb="0" cb="0"/><line nr="136" mi="0" ci="7" mb="0" cb="0"/><line nr="137" mi="0" ci="13" mb="0" cb="0"/><line nr="141" mi="0" ci="5" mb="0" cb="0"/><line nr="142" mi="0" ci="8" mb="0" cb="0"/><line nr="144" mi="0" ci="4" mb="0" cb="0"/><line nr="145" mi="0" ci="4" mb="0" cb="0"/><line nr="146" mi="0" ci="8" mb="0" cb="0"/><line nr="148" mi="0" ci="6" mb="0" cb="0"/><line nr="149" mi="0" ci="13" mb="0" cb="0"/><line nr="153" mi="0" ci="4" mb="0" cb="0"/><line nr="154" mi="3" ci="5" mb="0" cb="0"/><line nr="155" mi="0" ci="1" mb="0" cb="0"/><line nr="159" mi="0" ci="2" mb="0" cb="2"/><line nr="160" mi="0" ci="3" mb="0" cb="0"/><line nr="162" mi="0" ci="2" mb="0" cb="2"/><line nr="163" mi="0" ci="3" mb="0" cb="0"/><line nr="165" mi="0" ci="3" mb="0" cb="0"/><line nr="166" mi="0" ci="4" mb="0" cb="0"/><line nr="167" mi="0" ci="2" mb="0" cb="2"/><line nr="168" mi="0" ci="9" mb="0" cb="0"/><line nr="170" mi="0" ci="1" mb="0" cb="0"/><line nr="173" mi="6" ci="0" mb="0" cb="0"/><line nr="174" mi="4" ci="0" mb="0" cb="0"/><line nr="176" mi="4" ci="0" mb="0" cb="0"/><line nr="177" mi="4" ci="0" mb="0" cb="0"/><line nr="178" mi="4" ci="0" mb="0" cb="0"/><line nr="180" mi="7" ci="0" mb="0" cb="0"/><line nr="182" mi="2" ci="0" mb="0" cb="0"/><line nr="184" mi="4" ci="0" mb="2" cb="0"/><line nr="185" mi="7" ci="0" mb="0" cb="0"/><line nr="194" mi="2" ci="0" mb="2" cb="0"/><line nr="195" mi="2" ci="0" mb="0" cb="0"/><line nr="197" mi="1" ci="0" mb="0" cb="0"/><line nr="199" mi="2" ci="0" mb="0" cb="0"/><line nr="202" mi="2" ci="0" mb="2" cb="0"/><line nr="203" mi="8" ci="0" mb="0" cb="0"/><line nr="206" mi="2" ci="0" mb="0" cb="0"/><line nr="207" mi="3" ci="0" mb="0" cb="0"/><line nr="208" mi="5" ci="0" mb="0" cb="0"/><line nr="209" mi="1" ci="0" mb="0" cb="0"/><line nr="210" mi="8" ci="0" mb="0" cb="0"/><line nr="213" mi="2" ci="0" mb="0" cb="0"/><line nr="216" mi="4" ci="0" mb="0" cb="0"/><line nr="217" mi="4" ci="0" mb="0" cb="0"/><line nr="218" mi="4" ci="0" mb="0" cb="0"/><line nr="219" mi="4" ci="0" mb="0" cb="0"/><line nr="221" mi="8" ci="0" mb="0" cb="0"/><line nr="222" mi="2" ci="0" mb="0" cb="0"/><line nr="223" mi="3" ci="0" mb="0" cb="0"/><line nr="224" mi="6" ci="0" mb="0" cb="0"/><line nr="225" mi="1" ci="0" mb="0" cb="0"/><line nr="226" mi="3" ci="0" mb="0" cb="0"/><line nr="227" mi="2" ci="0" mb="0" cb="0"/><line nr="228" mi="1" ci="0" mb="0" cb="0"/><line nr="230" mi="1" ci="0" mb="0" cb="0"/><line nr="231" mi="4" ci="0" mb="0" cb="0"/><line nr="232" mi="4" ci="0" mb="0" cb="0"/><line nr="233" mi="4" ci="0" mb="0" cb="0"/><line nr="234" mi="4" ci="0" mb="0" cb="0"/><line nr="235" mi="3" ci="0" mb="0" cb="0"/><line nr="236" mi="4" ci="0" mb="0" cb="0"/><line nr="239" mi="1" ci="0" mb="0" cb="0"/><line nr="240" mi="1" ci="0" mb="0" cb="0"/><line nr="241" mi="2" ci="0" mb="0" cb="0"/><line nr="242" mi="1" ci="0" mb="0" cb="0"/><counter type="INSTRUCTION" missed="154" covered="282"/><counter type="BRANCH" missed="6" covered="6"/><counter type="LINE" missed="44" covered="45"/><counter type="COMPLEXITY" missed="11" covered="6"/><counter type="METHOD" missed="8" covered="3"/><counter type="CLASS" missed="0" covered="1"/></sourcefile><counter type="INSTRUCTION" missed="4163" covered="6115"/><counter type="BRANCH" missed="331" covered="375"/><counter type="LINE" missed="1030" covered="1380"/><counter type="COMPLEXITY" missed="286" covered="268"/><counter type="METHOD" missed="63" covered="120"/><counter type="CLASS" missed="5" covered="30"/></package><counter type="INSTRUCTION" missed="4163" covered="6115"/><counter type="BRANCH" missed="331" covered="375"/><counter type="LINE" missed="1030" covered="1380"/><counter type="COMPLEXITY" missed="286" covered="268"/><counter type="METHOD" missed="63" covered="120"/><counter type="CLASS" missed="5" covered="30"/></report>