-------------------------------------------------------------------------------
Test set: mainapp.StateWalletTest
-------------------------------------------------------------------------------
Tests run: 3, Failures: 1, Errors: 0, Skipped: 0, Time elapsed: 0.013 s <<< FAILURE! -- in mainapp.StateWalletTest
mainapp.StateWalletTest.testMainFullFlow -- Time elapsed: 0.006 s <<< FAILURE!
org.opentest4j.AssertionFailedError: Unexpected exception thrown: java.util.NoSuchElementException: No line found
	at org.junit.jupiter.api.AssertionFailureBuilder.build(AssertionFailureBuilder.java:152)
	at org.junit.jupiter.api.AssertDoesNotThrow.createAssertionFailedError(AssertDoesNotThrow.java:84)
	at org.junit.jupiter.api.AssertDoesNotThrow.assertDoesNotThrow(AssertDoesNotThrow.java:53)
	at org.junit.jupiter.api.AssertDoesNotThrow.assertDoesNotThrow(AssertDoesNotThrow.java:36)
	at org.junit.jupiter.api.Assertions.assertDoesNotThrow(Assertions.java:3199)
	at mainapp.StateWalletTest.testMainFullFlow(StateWalletTest.java:60)
	at java.base/java.lang.reflect.Method.invoke(Method.java:565)
	at java.base/java.util.ArrayList.forEach(ArrayList.java:1604)
	at java.base/java.util.ArrayList.forEach(ArrayList.java:1604)
Caused by: java.util.NoSuchElementException: No line found
	at java.base/java.util.Scanner.nextLine(Scanner.java:1690)
	at mainapp.Log.handleLogin(Log.java:111)
	at mainapp.Log.logMenu(Log.java:55)
	at mainapp.StateWallet.main(StateWallet.java:23)
	at mainapp.StateWalletTest.lambda$testMainFullFlow$0(StateWalletTest.java:62)
	at org.junit.jupiter.api.AssertDoesNotThrow.assertDoesNotThrow(AssertDoesNotThrow.java:49)
	... 6 more

