<?xml version="1.0" encoding="UTF-8"?>
<testsuite xmlns:xsi="http://www.w3.org/2001/XMLSchema-instance" xsi:noNamespaceSchemaLocation="https://maven.apache.org/surefire/maven-surefire-plugin/xsd/surefire-test-report.xsd" version="3.0.1" name="mainapp.AiAdvisorDialogTest" time="0.987" tests="2" errors="0" skipped="0" failures="0">
  <properties>
[...]
</properties>
  <testcase name="testInitializationWithSelection" classname="mainapp.AiAdvisorDialogTest" time="0.973">
    <system-err><![CDATA[java.lang.instrument.IllegalClassFormatException: Error while instrumenting sun/util/resources/provider/NonBaseLocaleDataMetaInfo with JaCoCo 0.8.12.202403310830/dbfb6f2.
	at org.jacoco.agent.rt.internal_aeaf9ab.CoverageTransformer.transform(CoverageTransformer.java:94)
	at java.instrument/java.lang.instrument.ClassFileTransformer.transform(ClassFileTransformer.java:257)
	at java.instrument/sun.instrument.TransformerManager.transform(TransformerManager.java:188)
	at java.instrument/sun.instrument.InstrumentationImpl.transform(InstrumentationImpl.java:594)
	at java.base/java.lang.ClassLoader.defineClass2(Native Method)
	at java.base/java.lang.ClassLoader.defineClass(ClassLoader.java:1052)
	at java.base/java.security.SecureClassLoader.defineClass(SecureClassLoader.java:176)
	at java.base/jdk.internal.loader.BuiltinClassLoader.defineClass(BuiltinClassLoader.java:735)
	at java.base/jdk.internal.loader.BuiltinClassLoader.findClassInModuleOrNull(BuiltinClassLoader.java:678)
	at java.base/jdk.internal.loader.BuiltinClassLoader.findClass(BuiltinClassLoader.java:560)
	at java.base/java.lang.ClassLoader.loadClass(ClassLoader.java:602)
	at java.base/java.lang.Class.forName(Class.java:599)
	at java.base/java.util.ServiceLoader.loadProvider(ServiceLoader.java:755)
	at java.base/java.util.ServiceLoader$ModuleServicesLookupIterator.hasNext(ServiceLoader.java:955)
	at java.base/java.util.ServiceLoader$1.hasNext(ServiceLoader.java:1164)
	at java.base/java.util.ServiceLoader$2.hasNext(ServiceLoader.java:1246)
	at java.base/sun.util.locale.provider.JRELocaleProviderAdapter.createSupportedLocaleString(JRELocaleProviderAdapter.java:423)
	at java.base/sun.util.locale.provider.JRELocaleProviderAdapter.createLanguageTagSet(JRELocaleProviderAdapter.java:410)
	at java.base/sun.util.locale.provider.FallbackLocaleProviderAdapter.createLanguageTagSet(FallbackLocaleProviderAdapter.java:67)
	at java.base/sun.util.locale.provider.JRELocaleProviderAdapter.getLanguageTagSet(JRELocaleProviderAdapter.java:400)
	at java.base/sun.util.locale.provider.FallbackLocaleProviderAdapter.getBreakIteratorProvider(FallbackLocaleProviderAdapter.java:88)
	at java.base/sun.util.locale.provider.JRELocaleProviderAdapter.getLocaleServiceProvider(JRELocaleProviderAdapter.java:86)
	at java.base/sun.util.locale.provider.LocaleProviderAdapter.findAdapter(LocaleProviderAdapter.java:282)
	at java.base/sun.util.locale.provider.LocaleProviderAdapter.getAdapter(LocaleProviderAdapter.java:251)
	at java.base/java.text.BreakIterator.createBreakInstance(BreakIterator.java:562)
	at java.base/java.text.BreakIterator.getBreakInstance(BreakIterator.java:554)
	at java.base/java.text.BreakIterator.getLineInstance(BreakIterator.java:493)
	at java.base/java.text.BreakIterator.getLineInstance(BreakIterator.java:480)
	at java.desktop/javax.swing.text.Utilities.getBreakLocation(Utilities.java:642)
	at java.desktop/javax.swing.text.Utilities.getBreakLocation(Utilities.java:673)
	at java.desktop/javax.swing.text.WrappedPlainView.calculateBreakPosition(WrappedPlainView.java:361)
	at java.desktop/javax.swing.text.WrappedPlainView$WrappedLine.breakLines(WrappedPlainView.java:919)
	at java.desktop/javax.swing.text.WrappedPlainView$WrappedLine.update(WrappedPlainView.java:869)
	at java.desktop/javax.swing.text.WrappedPlainView$WrappedLine.insertUpdate(WrappedPlainView.java:860)
	at java.desktop/javax.swing.text.WrappedPlainView.insertUpdate(WrappedPlainView.java:601)
	at java.desktop/javax.swing.plaf.basic.BasicTextUI$RootView.insertUpdate(BasicTextUI.java:1711)
	at java.desktop/javax.swing.plaf.basic.BasicTextUI$UpdateHandler.insertUpdate(BasicTextUI.java:1978)
	at java.desktop/javax.swing.text.AbstractDocument.fireInsertUpdate(AbstractDocument.java:220)
	at java.desktop/javax.swing.text.AbstractDocument.handleInsertString(AbstractDocument.java:774)
	at java.desktop/javax.swing.text.AbstractDocument.insertString(AbstractDocument.java:733)
	at java.desktop/javax.swing.text.PlainDocument.insertString(PlainDocument.java:131)
	at java.desktop/javax.swing.text.AbstractDocument.replace(AbstractDocument.java:692)
	at java.desktop/javax.swing.text.JTextComponent.setText(JTextComponent.java:1721)
	at mainapp.AiAdvisorDialog.initComponents(AiAdvisorDialog.java:163)
	at mainapp.AiAdvisorDialog.<init>(AiAdvisorDialog.java:134)
	at mainapp.AiAdvisorDialogTest.lambda$testInitializationWithSelection$0(AiAdvisorDialogTest.java:24)
	at java.desktop/java.awt.event.InvocationEvent.dispatch(InvocationEvent.java:313)
	at java.desktop/java.awt.EventQueue.dispatchEventImpl(EventQueue.java:723)
	at java.desktop/java.awt.EventQueue.dispatchEvent(EventQueue.java:702)
	at java.desktop/java.awt.EventDispatchThread.pumpOneEventForFilters(EventDispatchThread.java:203)
	at java.desktop/java.awt.EventDispatchThread.pumpEventsForFilter(EventDispatchThread.java:124)
	at java.desktop/java.awt.EventDispatchThread.pumpEventsForHierarchy(EventDispatchThread.java:113)
	at java.desktop/java.awt.EventDispatchThread.pumpEvents(EventDispatchThread.java:109)
	at java.desktop/java.awt.EventDispatchThread.pumpEvents(EventDispatchThread.java:101)
	at java.desktop/java.awt.EventDispatchThread.run(EventDispatchThread.java:90)
Caused by: java.io.IOException: Error while instrumenting sun/util/resources/provider/NonBaseLocaleDataMetaInfo with JaCoCo 0.8.12.202403310830/dbfb6f2.
	at org.jacoco.agent.rt.internal_aeaf9ab.core.instr.Instrumenter.instrumentError(Instrumenter.java:161)
	at org.jacoco.agent.rt.internal_aeaf9ab.core.instr.Instrumenter.instrument(Instrumenter.java:111)
	at org.jacoco.agent.rt.internal_aeaf9ab.CoverageTransformer.transform(CoverageTransformer.java:92)
	... 54 more
Caused by: java.lang.IllegalArgumentException: Unsupported class file major version 69
	at org.jacoco.agent.rt.internal_aeaf9ab.asm.ClassReader.<init>(ClassReader.java:200)
	at org.jacoco.agent.rt.internal_aeaf9ab.asm.ClassReader.<init>(ClassReader.java:180)
	at org.jacoco.agent.rt.internal_aeaf9ab.asm.ClassReader.<init>(ClassReader.java:166)
	at org.jacoco.agent.rt.internal_aeaf9ab.core.internal.instr.InstrSupport.classReaderFor(InstrSupport.java:280)
	at org.jacoco.agent.rt.internal_aeaf9ab.core.instr.Instrumenter.instrument(Instrumenter.java:77)
	at org.jacoco.agent.rt.internal_aeaf9ab.core.instr.Instrumenter.instrument(Instrumenter.java:109)
	... 55 more
]]></system-err>
  </testcase>
  <testcase name="testInitializationWithoutSelection" classname="mainapp.AiAdvisorDialogTest" time="0.012"/>
</testsuite>