<?xml version="1.0" encoding="UTF-8"?>
<testsuite xmlns:xsi="http://www.w3.org/2001/XMLSchema-instance" xsi:noNamespaceSchemaLocation="https://maven.apache.org/surefire/maven-surefire-plugin/xsd/surefire-test-report.xsd" version="3.0.1" name="mainapp.WeightsTest" time="0.015" tests="4" errors="2" skipped="0" failures="0">
  <properties>
[...]
</properties>
  <testcase name="testGetWeightFullCoverage" classname="mainapp.WeightsTest" time="0.003">
    <error message="No line found" type="java.util.NoSuchElementException"><![CDATA[java.util.NoSuchElementException: No line found
	at java.base/java.util.Scanner.nextLine(Scanner.java:1690)
	at mainapp.Weights.getWeight(Weights.java:86)
	at mainapp.WeightsTest.testGetWeightFullCoverage(WeightsTest.java:31)
	at java.base/java.lang.reflect.Method.invoke(Method.java:565)
	at java.base/java.util.ArrayList.forEach(ArrayList.java:1604)
	at java.base/java.util.ArrayList.forEach(ArrayList.java:1604)
]]></error>
    <system-out><![CDATA[Μη έγκυρη είσοδος. Δώστε αριθμό (π.χ 0,5):
Μη έγκυρη είσοδος. Δώστε αριθμό (π.χ 0,5):
Μη έγκυρη είσοδος. Δώστε αριθμό (π.χ 0,5):
Μη έγκυρη είσοδος. Δώστε αριθμό (π.χ 0,5):
]]></system-out>
  </testcase>
  <testcase name="testShowTotalWeights" classname="mainapp.WeightsTest" time="0.002">
    <system-out><![CDATA[Τα επιμέρους στοιχεία που χρησιμοποιήθηκαν για τον υπολογισμό του τελικού βαθμού και οι τελικές ποσοστιαίες επιδράσεις τους στον τελικό βαθμό είναι: 
Στοιχείο: MΕΤΑΒΟΛΗ ΑΕΠ Ποσοστό: 0,50
Στοιχείο: ΔΗΜΟΣΙΟ ΧΡΕΟΣ ΩΣ ΠΟΣΟΣΤΟ ΑΕΠ Ποσοστό: 0,50
Στοιχείο: ΠΡΩΤΟΓΕΝΕΣ ΠΛΕΟΝΑΣΜΑ Ποσοστό: 0,50
Στοιχείο: ΑΝΑΝΕΩΣΙΜΕΣ ΠΗΓΕΣ ΕΝΕΡΓΕΙΑΣ Ποσοστό: 0,30
Στοιχείο: ΠΟΣΟΣΤΟ ΑΝΑΚΥΚΛΩΣΗΣ Ποσοστό: 0,30
Στοιχείο: ΜΕΤΑΒΟΛΗ ΡΥΠΩΝ Ποσοστό: 0,30
Στοιχείο: ΔΕΙΚΤΗΣ GINI Ποσοστό: 0,20
Στοιχείο: ΕΞΟΔΑ ΓΙΑ ΥΓΕΙΑ ΚΑΙ ΠΑΙΔΕΙΑ Ποσοστό: 0,20
Στοιχείο: ΠΟΣΟΣΤΟ ΑΝΘΡΩΠΩΝ ΜΕ ΠΡΟΒΛΗΜΑΤΑ ΨΥΧΙΚΗΣ ΥΓΕΙΑΣ Ποσοστό: 0,20
Στοιχείο: ΜΕΤΑΒΟΛΗ ΕΓΚΛΗΜΑΤΙΚΟΤΗΤΑΣ Ποσοστό: 0,20
]]></system-out>
  </testcase>
  <testcase name="testAddWeightsWithRetries" classname="mainapp.WeightsTest" time="0.003">
    <error message="No line found" type="java.util.NoSuchElementException"><![CDATA[java.util.NoSuchElementException: No line found
	at java.base/java.util.Scanner.nextLine(Scanner.java:1690)
	at mainapp.Weights.getWeight(Weights.java:86)
	at mainapp.Weights.addWeights(Weights.java:274)
	at mainapp.WeightsTest.testAddWeightsWithRetries(WeightsTest.java:56)
	at java.base/java.lang.reflect.Method.invoke(Method.java:565)
	at java.base/java.util.ArrayList.forEach(ArrayList.java:1604)
	at java.base/java.util.ArrayList.forEach(ArrayList.java:1604)
]]></error>
    <system-out><![CDATA[ΣΤΟΙΧΕΙΑ ΟΙΚΟΝΟΜΙΚΟΥ ΤΟΜΕΑ
Εισάγετε τo βάρος για τη μεταβολή του ΑΕΠ
Μη έγκυρη είσοδος. Δώστε αριθμό (π.χ 0,5):
Μη έγκυρη είσοδος. Δώστε αριθμό (π.χ 0,5):
Μη έγκυρη είσοδος. Δώστε αριθμό (π.χ 0,5):
Μη έγκυρη είσοδος. Δώστε αριθμό (π.χ 0,5):
Μη έγκυρη είσοδος. Δώστε αριθμό (π.χ 0,5):
Μη έγκυρη είσοδος. Δώστε αριθμό (π.χ 0,5):
Μη έγκυρη είσοδος. Δώστε αριθμό (π.χ 0,5):
Μη έγκυρη είσοδος. Δώστε αριθμό (π.χ 0,5):
Μη έγκυρη είσοδος. Δώστε αριθμό (π.χ 0,5):
Μη έγκυρη είσοδος. Δώστε αριθμό (π.χ 0,5):
Μη έγκυρη είσοδος. Δώστε αριθμό (π.χ 0,5):
Μη έγκυρη είσοδος. Δώστε αριθμό (π.χ 0,5):
Μη έγκυρη είσοδος. Δώστε αριθμό (π.χ 0,5):
Μη έγκυρη είσοδος. Δώστε αριθμό (π.χ 0,5):
Μη έγκυρη είσοδος. Δώστε αριθμό (π.χ 0,5):
Μη έγκυρη είσοδος. Δώστε αριθμό (π.χ 0,5):
Μη έγκυρη είσοδος. Δώστε αριθμό (π.χ 0,5):
Μη έγκυρη είσοδος. Δώστε αριθμό (π.χ 0,5):
]]></system-out>
  </testcase>
  <testcase name="testGetAllGradesLogic" classname="mainapp.WeightsTest" time="0.004">
    <system-out><![CDATA[Οι βαθμοί για το κράτος ανά έτος είναι:
ΧΡΟΝΙΑ: 2018 ΒΑΘΜΟΣ: 8,10

ΧΡΟΝΙΑ: 2019 ΒΑΘΜΟΣ: 8,20
 ΜΕΤΑΒΟΛΗ ΒΑΘΜΟΥ ΑΠΟ ΤΟ ΠΡΟΗΓΟΥΜΕΝΟ ΕΤΟΣ 0,10
ΧΡΟΝΙΑ: 2020 ΒΑΘΜΟΣ: 6,80
 ΜΕΤΑΒΟΛΗ ΒΑΘΜΟΥ ΑΠΟ ΤΟ ΠΡΟΗΓΟΥΜΕΝΟ ΕΤΟΣ -1,40
ΧΡΟΝΙΑ: 2021 ΒΑΘΜΟΣ: 7,40
 ΜΕΤΑΒΟΛΗ ΒΑΘΜΟΥ ΑΠΟ ΤΟ ΠΡΟΗΓΟΥΜΕΝΟ ΕΤΟΣ 0,60
ΧΡΟΝΙΑ: 2022 ΒΑΘΜΟΣ: 8,10
 ΜΕΤΑΒΟΛΗ ΒΑΘΜΟΥ ΑΠΟ ΤΟ ΠΡΟΗΓΟΥΜΕΝΟ ΕΤΟΣ 0,70
ΧΡΟΝΙΑ: 2023 ΒΑΘΜΟΣ: 8,60
 ΜΕΤΑΒΟΛΗ ΒΑΘΜΟΥ ΑΠΟ ΤΟ ΠΡΟΗΓΟΥΜΕΝΟ ΕΤΟΣ 0,50
ΧΡΟΝΙΑ: 2024 ΒΑΘΜΟΣ: 8,90
 ΜΕΤΑΒΟΛΗ ΒΑΘΜΟΥ ΑΠΟ ΤΟ ΠΡΟΗΓΟΥΜΕΝΟ ΕΤΟΣ 0,30
ΧΡΟΝΙΑ: 2025 ΒΑΘΜΟΣ: 9,20
 ΜΕΤΑΒΟΛΗ ΒΑΘΜΟΥ ΑΠΟ ΤΟ ΠΡΟΗΓΟΥΜΕΝΟ ΕΤΟΣ 0,30
--ΑΠΟΤΕΛΕΣΜΑΤΑ ΣΥΓΚΡΙΣΕΙΣ ΒΑΘΜΩΝ--
Ο βαθμός του κράτους την τελευταία χρονιά πριν αναλάβει η κυβέρνηση ήταν 8.100000000000001
O πιο πρόσφατος βαθμός για το κράτος (2025) με βάσει τις προβλέψεις είναι 9.2
Κατά μέσο όρο, ο βαθμός του κράτους με βάση τα βάρη που δώθηκαν αυξανόταν κατά 0,157την περίοδο 2018-2025. Οι βαθμοί απόδοσης παρουσίασαν ανοδική πορεία!
Η μεγαλύτερη αύξηση βαθμού παρατηρήθηκε τις χρονιές 2022-2021 ενώ η μεγαλύτερη μείωση τις χρονιές 2020-2019
]]></system-out>
  </testcase>
</testsuite>