<?xml version="1.0" encoding="UTF-8"?>
<testsuite xmlns:xsi="http://www.w3.org/2001/XMLSchema-instance" xsi:noNamespaceSchemaLocation="https://maven.apache.org/surefire/maven-surefire-plugin/xsd/surefire-test-report.xsd" version="3.0.1" name="mainapp.SocElemGradesTest" time="0.013" tests="5" errors="0" skipped="0" failures="0">
  <properties>
[...]
</properties>
  <testcase name="testGetCrimeGrade" classname="mainapp.SocElemGradesTest" time="0.001"/>
  <testcase name="testGetMentalHealthGrade" classname="mainapp.SocElemGradesTest" time="0.003"/>
  <testcase name="testGetSocialGrade" classname="mainapp.SocElemGradesTest" time="0.002">
    <system-out><![CDATA[O βαθμός για τον δείκτη GINI είναι: 10
Οι εισοδηματικές ανισότητες έχουν περιοριστεί! Πολύ καλή επίδοση!
O βαθμός για την μεταβολή της εγκληματικότητας είναι: 8
Οι μεταβολές της εγκληματικότητας βρίσκονται εντός των επιτρεπτών ορίων.
O βαθμός για την ψυχική υγεία είναι: 10
O βαθμός για τις δαπάνες Υγείας και Παιδείας είναι: 6
Oι δαπάνες στην υγεία και την παιδεία είναι αρκετά χαμηλές. Πρέπει να αυξηθούν! Υπάρχει δυσαρέσκεια στον πληθυσμό!
O βαθμός για το κράτος στον κοινωνικό τομέα με βάση τα στοιχεία είναι 8,50
]]></system-out>
  </testcase>
  <testcase name="testGetGINIGrade" classname="mainapp.SocElemGradesTest" time="0.001"/>
  <testcase name="testGetHealthEduGrade" classname="mainapp.SocElemGradesTest" time="0.003"/>
</testsuite>